#
# There is insufficient memory for the Java Runtime Environment to continue.
# Native memory allocation (malloc) failed to allocate 73408 bytes for Chunk::new
# Possible reasons:
#   The system is out of physical RAM or swap space
#   The process is running with CompressedOops enabled, and the Java Heap may be blocking the growth of the native heap
# Possible solutions:
#   Reduce memory load on the system
#   Increase physical memory or swap space
#   Check if swap backing store is full
#   Decrease Java heap size (-Xmx/-Xms)
#   Decrease number of Java threads
#   Decrease Java thread stack sizes (-Xss)
#   Set larger code cache with -XX:ReservedCodeCacheSize=
#   JVM is running with Zero Based Compressed Oops mode in which the Java heap is
#     placed in the first 32GB address space. The Java Heap base address is the
#     maximum limit for the native heap growth. Please use -XX:HeapBaseMinAddress
#     to set the Java Heap base and to place the Java Heap above 32GB virtual address.
# This output file may be truncated or incomplete.
#
#  Out of Memory Error (arena.cpp:168), pid=1268, tid=19232
#
# JRE version: Java(TM) SE Runtime Environment (21.0.2+13) (build 21.0.2+13-LTS-58)
# Java VM: Java HotSpot(TM) 64-Bit Server VM (21.0.2+13-LTS-58, mixed mode, sharing, tiered, compressed oops, compressed class ptrs, g1 gc, windows-amd64)
# No core dump will be written. Minidumps are not enabled by default on client versions of Windows
#

---------------  S U M M A R Y ------------

Command Line: jenkins.maven3.agent.Maven35Main C:\Users\shank\.jenkins\tools\hudson.tasks.Maven_MavenInstallation\MAVEN_HOME C:\Users\shank\.jenkins\war\WEB-INF\lib\remoting-3206.vb_15dcf73f6a_9.jar C:\Users\shank\.jenkins\plugins\maven-plugin\WEB-INF\lib\maven35-interceptor-1.14.jar C:\Users\shank\.jenkins\plugins\maven-plugin\WEB-INF\lib\maven3-interceptor-commons-1.14.jar 50663

Host: 13th Gen Intel(R) Core(TM) i5-1335U, 12 cores, 15G,  Windows 11 , 64 bit Build 22621 (10.0.22621.3374)
Time: Thu May  9 13:32:27 2024 India Standard Time elapsed time: 7.174463 seconds (0d 0h 0m 7s)

---------------  T H R E A D  ---------------

Current thread (0x000001cf28d13690):  JavaThread "C2 CompilerThread0" daemon [_thread_in_native, id=19232, stack(0x000000621d000000,0x000000621d100000) (1024K)]


Current CompileTask:
C2:   7174 5605       4       java.nio.CharBuffer::<init> (24 bytes)

Stack: [0x000000621d000000,0x000000621d100000]
Native frames: (J=compiled Java code, j=interpreted, Vv=VM code, C=native code)
V  [jvm.dll+0x6cade9]
V  [jvm.dll+0x8569c1]
V  [jvm.dll+0x858d2e]
V  [jvm.dll+0x859413]
V  [jvm.dll+0x280e56]
V  [jvm.dll+0xc3f3d]
V  [jvm.dll+0xc4473]
V  [jvm.dll+0x3b5c2c]
V  [jvm.dll+0x382855]
V  [jvm.dll+0x381cca]
V  [jvm.dll+0x249bd0]
V  [jvm.dll+0x2491b1]
V  [jvm.dll+0x1c9634]
V  [jvm.dll+0x258859]
V  [jvm.dll+0x256e3a]
V  [jvm.dll+0x3ef6c6]
V  [jvm.dll+0x7ff568]
V  [jvm.dll+0x6c953d]
C  [ucrtbase.dll+0x29333]
C  [KERNEL32.DLL+0x1257d]
C  [ntdll.dll+0x5aa48]


---------------  P R O C E S S  ---------------

Threads class SMR info:
_java_thread_list=0x000001cf6feaf870, length=25, elements={
0x000001cf07701f70, 0x000001cf28d07370, 0x000001cf28d08290, 0x000001cf28d0e5b0,
0x000001cf28d11020, 0x000001cf28d11a80, 0x000001cf28d126f0, 0x000001cf28d13690,
0x000001cf28d17a40, 0x000001cf6e155ed0, 0x000001cf6e17c1e0, 0x000001cf6e380f70,
0x000001cf6e394d30, 0x000001cf6e395bb0, 0x000001cf6e3abce0, 0x000001cf6e3ac350,
0x000001cf6e506540, 0x000001cf6e506bb0, 0x000001cf70a63c30, 0x000001cf70a64950,
0x000001cf70a642c0, 0x000001cf70a635a0, 0x000001cf70a64fe0, 0x000001cf70a65670,
0x000001cf6fe87710
}

Java Threads: ( => current thread )
  0x000001cf07701f70 JavaThread "main"                              [_thread_blocked, id=14572, stack(0x000000621c200000,0x000000621c300000) (1024K)]
  0x000001cf28d07370 JavaThread "Reference Handler"          daemon [_thread_blocked, id=12020, stack(0x000000621ca00000,0x000000621cb00000) (1024K)]
  0x000001cf28d08290 JavaThread "Finalizer"                  daemon [_thread_blocked, id=19260, stack(0x000000621cb00000,0x000000621cc00000) (1024K)]
  0x000001cf28d0e5b0 JavaThread "Signal Dispatcher"          daemon [_thread_blocked, id=16060, stack(0x000000621cc00000,0x000000621cd00000) (1024K)]
  0x000001cf28d11020 JavaThread "Attach Listener"            daemon [_thread_blocked, id=18588, stack(0x000000621cd00000,0x000000621ce00000) (1024K)]
  0x000001cf28d11a80 JavaThread "Service Thread"             daemon [_thread_blocked, id=11844, stack(0x000000621ce00000,0x000000621cf00000) (1024K)]
  0x000001cf28d126f0 JavaThread "Monitor Deflation Thread"   daemon [_thread_blocked, id=5680, stack(0x000000621cf00000,0x000000621d000000) (1024K)]
=>0x000001cf28d13690 JavaThread "C2 CompilerThread0"         daemon [_thread_in_native, id=19232, stack(0x000000621d000000,0x000000621d100000) (1024K)]
  0x000001cf28d17a40 JavaThread "C1 CompilerThread0"         daemon [_thread_blocked, id=19452, stack(0x000000621d100000,0x000000621d200000) (1024K)]
  0x000001cf6e155ed0 JavaThread "Notification Thread"        daemon [_thread_blocked, id=3056, stack(0x000000621d200000,0x000000621d300000) (1024K)]
  0x000001cf6e17c1e0 JavaThread "Common-Cleaner"             daemon [_thread_blocked, id=6956, stack(0x000000621d300000,0x000000621d400000) (1024K)]
  0x000001cf6e380f70 JavaThread "RemoteInvocationHandler [#1]" daemon [_thread_blocked, id=19888, stack(0x000000621d400000,0x000000621d500000) (1024K)]
  0x000001cf6e394d30 JavaThread "Channel reader thread: channel"        [_thread_in_native, id=14392, stack(0x000000621d500000,0x000000621d600000) (1024K)]
  0x000001cf6e395bb0 JavaThread "pool-1-thread-1"                   [_thread_blocked, id=11888, stack(0x000000621d600000,0x000000621d700000) (1024K)]
  0x000001cf6e3abce0 JavaThread "pool-1-thread-2"                   [_thread_blocked, id=4064, stack(0x000000621d700000,0x000000621d800000) (1024K)]
  0x000001cf6e3ac350 JavaThread "pool-1-thread-3 for channel id=15"        [_thread_in_native, id=6472, stack(0x000000621d800000,0x000000621d900000) (1024K)]
  0x000001cf6e506540 JavaThread "pool-1-thread-4"                   [_thread_blocked, id=19328, stack(0x000000621d900000,0x000000621da00000) (1024K)]
  0x000001cf6e506bb0 JavaThread "pool-1-thread-5"                   [_thread_blocked, id=9284, stack(0x000000621da00000,0x000000621db00000) (1024K)]
  0x000001cf70a63c30 JavaThread "timeout-check-timer"        daemon [_thread_blocked, id=18564, stack(0x000000621e700000,0x000000621e800000) (1024K)]
  0x000001cf70a64950 JavaThread "ping-timer-10s"             daemon [_thread_blocked, id=20228, stack(0x000000621e800000,0x000000621e900000) (1024K)]
  0x000001cf70a642c0 JavaThread "ThreadedStreamConsumer"     daemon [_thread_blocked, id=4744, stack(0x000000621e900000,0x000000621ea00000) (1024K)]
  0x000001cf70a635a0 JavaThread "fork-1-err-thread"          daemon [_thread_in_native, id=18692, stack(0x000000621ea00000,0x000000621eb00000) (1024K)]
  0x000001cf70a64fe0 JavaThread "commands-fork-1"            daemon [_thread_blocked, id=18652, stack(0x000000621eb00000,0x000000621ec00000) (1024K)]
  0x000001cf70a65670 JavaThread "fork-1-event-thread"        daemon [_thread_in_native, id=17084, stack(0x000000621ec00000,0x000000621ed00000) (1024K)]
  0x000001cf6fe87710 JavaThread "C2 CompilerThread1"         daemon [_thread_in_native, id=19556, stack(0x000000621db00000,0x000000621dc00000) (1024K)]
Total: 25

Other Threads:
  0x000001cf28ce87c0 VMThread "VM Thread"                           [id=14552, stack(0x000000621c900000,0x000000621ca00000) (1024K)]
  0x000001cf28cd0210 WatcherThread "VM Periodic Task Thread"        [id=13888, stack(0x000000621c800000,0x000000621c900000) (1024K)]
  0x000001cf098b1b90 WorkerThread "GC Thread#0"                     [id=10296, stack(0x000000621c300000,0x000000621c400000) (1024K)]
  0x000001cf6e8dd580 WorkerThread "GC Thread#1"                     [id=19120, stack(0x000000621dc00000,0x000000621dd00000) (1024K)]
  0x000001cf6e8dd920 WorkerThread "GC Thread#2"                     [id=19572, stack(0x000000621dd00000,0x000000621de00000) (1024K)]
  0x000001cf6eb66800 WorkerThread "GC Thread#3"                     [id=18760, stack(0x000000621de00000,0x000000621df00000) (1024K)]
  0x000001cf6eb66ba0 WorkerThread "GC Thread#4"                     [id=9660, stack(0x000000621df00000,0x000000621e000000) (1024K)]
  0x000001cf6eb66f40 WorkerThread "GC Thread#5"                     [id=2184, stack(0x000000621e000000,0x000000621e100000) (1024K)]
  0x000001cf6eb672e0 WorkerThread "GC Thread#6"                     [id=19372, stack(0x000000621e100000,0x000000621e200000) (1024K)]
  0x000001cf6e83bde0 WorkerThread "GC Thread#7"                     [id=7364, stack(0x000000621e200000,0x000000621e300000) (1024K)]
  0x000001cf6e83c180 WorkerThread "GC Thread#8"                     [id=19228, stack(0x000000621e300000,0x000000621e400000) (1024K)]
  0x000001cf6e83c520 WorkerThread "GC Thread#9"                     [id=11416, stack(0x000000621e400000,0x000000621e500000) (1024K)]
  0x000001cf098c26f0 ConcurrentGCThread "G1 Main Marker"            [id=12372, stack(0x000000621c400000,0x000000621c500000) (1024K)]
  0x000001cf098c33a0 WorkerThread "G1 Conc#0"                       [id=19772, stack(0x000000621c500000,0x000000621c600000) (1024K)]
  0x000001cf6ebd5b10 WorkerThread "G1 Conc#1"                       [id=19324, stack(0x000000621e500000,0x000000621e600000) (1024K)]
  0x000001cf6f6f9fa0 WorkerThread "G1 Conc#2"                       [id=17000, stack(0x000000621e600000,0x000000621e700000) (1024K)]
  0x000001cf0990e840 ConcurrentGCThread "G1 Refine#0"               [id=20340, stack(0x000000621c600000,0x000000621c700000) (1024K)]
  0x000001cf28ba0550 ConcurrentGCThread "G1 Service"                [id=13328, stack(0x000000621c700000,0x000000621c800000) (1024K)]
Total: 18

Threads with active compile tasks:
C2 CompilerThread0     7191 5605       4       java.nio.CharBuffer::<init> (24 bytes)
Total: 1

VM state: not at safepoint (normal execution)

VM Mutex/Monitor currently owned by a thread: None

Heap address: 0x0000000704800000, size: 4024 MB, Compressed Oops mode: Zero based, Oop shift amount: 3

CDS archive(s) mapped at: [0x000001cf29000000-0x000001cf29c90000-0x000001cf29c90000), size 13172736, SharedBaseAddress: 0x000001cf29000000, ArchiveRelocationMode: 1.
Compressed class space mapped at: 0x000001cf2a000000-0x000001cf6a000000, reserved size: 1073741824
Narrow klass base: 0x000001cf29000000, Narrow klass shift: 0, Narrow klass range: 0x100000000

GC Precious Log:
 CardTable entry size: 512
 Card Set container configuration: InlinePtr #cards 4 size 8 Array Of Cards #cards 16 size 48 Howl #buckets 8 coarsen threshold 3686 Howl Bitmap #cards 512 size 80 coarsen threshold 460 Card regions per heap region 1 cards per card region 4096
 CPUs: 12 total, 12 available
 Memory: 16095M
 Large Page Support: Disabled
 NUMA Support: Disabled
 Compressed Oops: Enabled (Zero based)
 Heap Region Size: 2M
 Heap Min Capacity: 8M
 Heap Initial Capacity: 252M
 Heap Max Capacity: 4024M
 Pre-touch: Disabled
 Parallel Workers: 10
 Concurrent Workers: 3
 Concurrent Refinement Workers: 10
 Periodic GC: Disabled

Heap:
 garbage-first heap   total 90112K, used 32571K [0x0000000704800000, 0x0000000800000000)
  region size 2048K, 14 young (28672K), 7 survivors (14336K)
 Metaspace       used 25681K, committed 26176K, reserved 1114112K
  class space    used 2831K, committed 3072K, reserved 1048576K

Heap Regions: E=young(eden), S=young(survivor), O=old, HS=humongous(starts), HC=humongous(continues), CS=collection set, F=free, TAMS=top-at-mark-start, PB=parsable bottom
|   0|0x0000000704800000, 0x0000000704a00000, 0x0000000704a00000|100%|HS|  |TAMS 0x0000000704800000| PB 0x0000000704800000| Complete 
|   1|0x0000000704a00000, 0x0000000704c00000, 0x0000000704c00000|100%|HS|  |TAMS 0x0000000704a00000| PB 0x0000000704a00000| Complete 
|   2|0x0000000704c00000, 0x0000000704e00000, 0x0000000704e00000|100%| O|  |TAMS 0x0000000704c00000| PB 0x0000000704c00000| Untracked 
|   3|0x0000000704e00000, 0x0000000704fad490, 0x0000000705000000| 83%| O|Cm|TAMS 0x0000000704e00000| PB 0x0000000704e00000| Complete 
|   4|0x0000000705000000, 0x0000000705000000, 0x0000000705200000|  0%| F|  |TAMS 0x0000000705000000| PB 0x0000000705000000| Untracked 
|   5|0x0000000705200000, 0x0000000705200000, 0x0000000705400000|  0%| F|  |TAMS 0x0000000705200000| PB 0x0000000705200000| Untracked 
|   6|0x0000000705400000, 0x0000000705400000, 0x0000000705600000|  0%| F|  |TAMS 0x0000000705400000| PB 0x0000000705400000| Untracked 
|   7|0x0000000705600000, 0x0000000705600000, 0x0000000705800000|  0%| F|  |TAMS 0x0000000705600000| PB 0x0000000705600000| Untracked 
|   8|0x0000000705800000, 0x0000000705800000, 0x0000000705a00000|  0%| F|  |TAMS 0x0000000705800000| PB 0x0000000705800000| Untracked 
|   9|0x0000000705a00000, 0x0000000705a00000, 0x0000000705c00000|  0%| F|  |TAMS 0x0000000705a00000| PB 0x0000000705a00000| Untracked 
|  10|0x0000000705c00000, 0x0000000705c00000, 0x0000000705e00000|  0%| F|  |TAMS 0x0000000705c00000| PB 0x0000000705c00000| Untracked 
|  11|0x0000000705e00000, 0x0000000705e00000, 0x0000000706000000|  0%| F|  |TAMS 0x0000000705e00000| PB 0x0000000705e00000| Untracked 
|  12|0x0000000706000000, 0x0000000706000000, 0x0000000706200000|  0%| F|  |TAMS 0x0000000706000000| PB 0x0000000706000000| Untracked 
|  13|0x0000000706200000, 0x0000000706200000, 0x0000000706400000|  0%| F|  |TAMS 0x0000000706200000| PB 0x0000000706200000| Untracked 
|  14|0x0000000706400000, 0x0000000706400000, 0x0000000706600000|  0%| F|  |TAMS 0x0000000706400000| PB 0x0000000706400000| Untracked 
|  15|0x0000000706600000, 0x0000000706600000, 0x0000000706800000|  0%| F|  |TAMS 0x0000000706600000| PB 0x0000000706600000| Untracked 
|  16|0x0000000706800000, 0x0000000706800000, 0x0000000706a00000|  0%| F|  |TAMS 0x0000000706800000| PB 0x0000000706800000| Untracked 
|  17|0x0000000706a00000, 0x0000000706a00000, 0x0000000706c00000|  0%| F|  |TAMS 0x0000000706a00000| PB 0x0000000706a00000| Untracked 
|  18|0x0000000706c00000, 0x0000000706c00000, 0x0000000706e00000|  0%| F|  |TAMS 0x0000000706c00000| PB 0x0000000706c00000| Untracked 
|  19|0x0000000706e00000, 0x0000000706e00000, 0x0000000707000000|  0%| F|  |TAMS 0x0000000706e00000| PB 0x0000000706e00000| Untracked 
|  20|0x0000000707000000, 0x0000000707000000, 0x0000000707200000|  0%| F|  |TAMS 0x0000000707000000| PB 0x0000000707000000| Untracked 
|  21|0x0000000707200000, 0x0000000707200000, 0x0000000707400000|  0%| F|  |TAMS 0x0000000707200000| PB 0x0000000707200000| Untracked 
|  22|0x0000000707400000, 0x0000000707400000, 0x0000000707600000|  0%| F|  |TAMS 0x0000000707400000| PB 0x0000000707400000| Untracked 
|  23|0x0000000707600000, 0x0000000707600000, 0x0000000707800000|  0%| F|  |TAMS 0x0000000707600000| PB 0x0000000707600000| Untracked 
|  24|0x0000000707800000, 0x0000000707800000, 0x0000000707a00000|  0%| F|  |TAMS 0x0000000707800000| PB 0x0000000707800000| Untracked 
|  25|0x0000000707a00000, 0x0000000707a00000, 0x0000000707c00000|  0%| F|  |TAMS 0x0000000707a00000| PB 0x0000000707a00000| Untracked 
|  26|0x0000000707c00000, 0x0000000707c00000, 0x0000000707e00000|  0%| F|  |TAMS 0x0000000707c00000| PB 0x0000000707c00000| Untracked 
|  27|0x0000000707e00000, 0x0000000707e00000, 0x0000000708000000|  0%| F|  |TAMS 0x0000000707e00000| PB 0x0000000707e00000| Untracked 
|  28|0x0000000708000000, 0x0000000708000000, 0x0000000708200000|  0%| F|  |TAMS 0x0000000708000000| PB 0x0000000708000000| Untracked 
|  29|0x0000000708200000, 0x0000000708200000, 0x0000000708400000|  0%| F|  |TAMS 0x0000000708200000| PB 0x0000000708200000| Untracked 
|  30|0x0000000708400000, 0x0000000708600000, 0x0000000708600000|100%| S|CS|TAMS 0x0000000708400000| PB 0x0000000708400000| Complete 
|  31|0x0000000708600000, 0x0000000708800000, 0x0000000708800000|100%| S|CS|TAMS 0x0000000708600000| PB 0x0000000708600000| Complete 
|  32|0x0000000708800000, 0x0000000708a00000, 0x0000000708a00000|100%| S|CS|TAMS 0x0000000708800000| PB 0x0000000708800000| Complete 
|  33|0x0000000708a00000, 0x0000000708c00000, 0x0000000708c00000|100%| S|CS|TAMS 0x0000000708a00000| PB 0x0000000708a00000| Complete 
|  34|0x0000000708c00000, 0x0000000708e00000, 0x0000000708e00000|100%| S|CS|TAMS 0x0000000708c00000| PB 0x0000000708c00000| Complete 
|  35|0x0000000708e00000, 0x0000000709000000, 0x0000000709000000|100%| S|CS|TAMS 0x0000000708e00000| PB 0x0000000708e00000| Complete 
|  36|0x0000000709000000, 0x0000000709021980, 0x0000000709200000|  6%| S|CS|TAMS 0x0000000709000000| PB 0x0000000709000000| Complete 
|  69|0x000000070d200000, 0x000000070d238260, 0x000000070d400000| 10%| E|  |TAMS 0x000000070d200000| PB 0x000000070d200000| Complete 
|  70|0x000000070d400000, 0x000000070d600000, 0x000000070d600000|100%| E|CS|TAMS 0x000000070d400000| PB 0x000000070d400000| Complete 
|  71|0x000000070d600000, 0x000000070d800000, 0x000000070d800000|100%| E|CS|TAMS 0x000000070d600000| PB 0x000000070d600000| Complete 
|  72|0x000000070d800000, 0x000000070da00000, 0x000000070da00000|100%| E|CS|TAMS 0x000000070d800000| PB 0x000000070d800000| Complete 
|  73|0x000000070da00000, 0x000000070dc00000, 0x000000070dc00000|100%| E|CS|TAMS 0x000000070da00000| PB 0x000000070da00000| Complete 
| 124|0x0000000714000000, 0x0000000714200000, 0x0000000714200000|100%| E|CS|TAMS 0x0000000714000000| PB 0x0000000714000000| Complete 
| 125|0x0000000714200000, 0x0000000714400000, 0x0000000714400000|100%| E|CS|TAMS 0x0000000714200000| PB 0x0000000714200000| Complete 

Card table byte_map: [0x000001cf219f0000,0x000001cf221d0000] _byte_map_base: 0x000001cf1e1cc000

Marking Bits: (CMBitMap*) 0x000001cf098b2290
 Bits: [0x000001cf221d0000, 0x000001cf260b0000)

Polling page: 0x000001cf09010000

Metaspace:

Usage:
  Non-class:     22.31 MB used.
      Class:      2.77 MB used.
       Both:     25.08 MB used.

Virtual space:
  Non-class space:       64.00 MB reserved,      22.56 MB ( 35%) committed,  1 nodes.
      Class space:        1.00 GB reserved,       3.00 MB ( <1%) committed,  1 nodes.
             Both:        1.06 GB reserved,      25.56 MB (  2%) committed. 

Chunk freelists:
   Non-Class:  9.47 MB
       Class:  12.95 MB
        Both:  22.42 MB

MaxMetaspaceSize: unlimited
CompressedClassSpaceSize: 1.00 GB
Initial GC threshold: 21.00 MB
Current GC threshold: 35.12 MB
CDS: on
 - commit_granule_bytes: 65536.
 - commit_granule_words: 8192.
 - virtual_space_node_default_size: 8388608.
 - enlarge_chunks_in_place: 1.
 - use_allocation_guard: 0.


Internal statistics:

num_allocs_failed_limit: 3.
num_arena_births: 466.
num_arena_deaths: 0.
num_vsnodes_births: 2.
num_vsnodes_deaths: 0.
num_space_committed: 409.
num_space_uncommitted: 0.
num_chunks_returned_to_freelist: 3.
num_chunks_taken_from_freelist: 1443.
num_chunk_merges: 3.
num_chunk_splits: 936.
num_chunks_enlarged: 625.
num_inconsistent_stats: 0.

CodeHeap 'non-profiled nmethods': size=120000Kb used=3134Kb max_used=3134Kb free=116865Kb
 bounds [0x000001cf19780000, 0x000001cf19a90000, 0x000001cf20cb0000]
CodeHeap 'profiled nmethods': size=120000Kb used=11896Kb max_used=11896Kb free=108103Kb
 bounds [0x000001cf11cb0000, 0x000001cf12850000, 0x000001cf191e0000]
CodeHeap 'non-nmethods': size=5760Kb used=1495Kb max_used=1565Kb free=4264Kb
 bounds [0x000001cf191e0000, 0x000001cf19450000, 0x000001cf19780000]
 total_blobs=6199 nmethods=5625 adapters=478
 compilation: enabled
              stopped_count=0, restarted_count=0
 full_count=0

Compilation events (20 events):
Event: 6.119 Thread 0x000001cf28d17a40 nmethod 5600 0x000001cf12843090 code [0x000001cf12843260, 0x000001cf128434a8]
Event: 6.119 Thread 0x000001cf28d17a40 5597       3       java.lang.invoke.BootstrapMethodInvoker::isLambdaMetafactoryIndyBSM (13 bytes)
Event: 6.119 Thread 0x000001cf28d17a40 nmethod 5597 0x000001cf12843590 code [0x000001cf12843720, 0x000001cf12843870]
Event: 6.119 Thread 0x000001cf28d17a40 5599   !   3       java.lang.invoke.MethodHandles$Lookup::revealDirect (196 bytes)
Event: 6.120 Thread 0x000001cf28d17a40 nmethod 5599 0x000001cf12843910 code [0x000001cf12843c60, 0x000001cf12844f20]
Event: 6.310 Thread 0x000001cf28d17a40 5601       3       java.util.concurrent.ThreadPoolExecutor::workerCountOf (5 bytes)
Event: 6.310 Thread 0x000001cf28d17a40 nmethod 5601 0x000001cf12845610 code [0x000001cf128457a0, 0x000001cf12845898]
Event: 6.622 Thread 0x000001cf28d17a40 5602       3       jdk.internal.misc.Unsafe::putReferenceOpaque (9 bytes)
Event: 6.622 Thread 0x000001cf28d17a40 nmethod 5602 0x000001cf12845910 code [0x000001cf12845aa0, 0x000001cf12845c08]
Event: 7.147 Thread 0x000001cf28d13690 5603       4       java.nio.ByteBuffer::array (35 bytes)
Event: 7.147 Thread 0x000001cf28d13690 nmethod 5603 0x000001cf19a8ba10 code [0x000001cf19a8bba0, 0x000001cf19a8bc68]
Event: 7.170 Thread 0x000001cf28d13690 5604       4       java.security.CodeSource::getCertificates (95 bytes)
Event: 7.170 Thread 0x000001cf28d13690 nmethod 5604 0x000001cf19a8bd10 code [0x000001cf19a8bea0, 0x000001cf19a8bf70]
Event: 7.171 Thread 0x000001cf28d13690 5605       4       java.nio.CharBuffer::<init> (24 bytes)
Event: 7.173 Thread 0x000001cf28d17a40 5608       1       org.apache.maven.surefire.api.stream.AbstractStreamDecoder$Memento::access$000 (5 bytes)
Event: 7.173 Thread 0x000001cf28d17a40 nmethod 5608 0x000001cf19a8c310 code [0x000001cf19a8c4a0, 0x000001cf19a8c550]
Event: 7.173 Thread 0x000001cf28d17a40 5609       1       org.apache.maven.surefire.api.stream.AbstractStreamDecoder$Memento::getLine (5 bytes)
Event: 7.173 Thread 0x000001cf28d17a40 nmethod 5609 0x000001cf19a8c610 code [0x000001cf19a8c7a0, 0x000001cf19a8c870]
Event: 7.173 Thread 0x000001cf28d17a40 5610       1       org.apache.maven.surefire.api.stream.AbstractStreamDecoder$MalformedFrameException::readFrom (5 bytes)
Event: 7.173 Thread 0x000001cf28d17a40 nmethod 5610 0x000001cf19a8c910 code [0x000001cf19a8caa0, 0x000001cf19a8cb68]

GC Heap History (8 events):
Event: 1.006 GC heap before
{Heap before GC invocations=0 (full 0):
 garbage-first heap   total 258048K, used 26624K [0x0000000704800000, 0x0000000800000000)
  region size 2048K, 11 young (22528K), 0 survivors (0K)
 Metaspace       used 4955K, committed 5248K, reserved 1114112K
  class space    used 503K, committed 640K, reserved 1048576K
}
Event: 1.014 GC heap after
{Heap after GC invocations=1 (full 0):
 garbage-first heap   total 258048K, used 7995K [0x0000000704800000, 0x0000000800000000)
  region size 2048K, 2 young (4096K), 2 survivors (4096K)
 Metaspace       used 4955K, committed 5248K, reserved 1114112K
  class space    used 503K, committed 640K, reserved 1048576K
}
Event: 1.730 GC heap before
{Heap before GC invocations=1 (full 0):
 garbage-first heap   total 258048K, used 40763K [0x0000000704800000, 0x0000000800000000)
  region size 2048K, 18 young (36864K), 2 survivors (4096K)
 Metaspace       used 10235K, committed 10496K, reserved 1114112K
  class space    used 1148K, committed 1280K, reserved 1048576K
}
Event: 1.736 GC heap after
{Heap after GC invocations=2 (full 0):
 garbage-first heap   total 258048K, used 10094K [0x0000000704800000, 0x0000000800000000)
  region size 2048K, 2 young (4096K), 2 survivors (4096K)
 Metaspace       used 10235K, committed 10496K, reserved 1114112K
  class space    used 1148K, committed 1280K, reserved 1048576K
}
Event: 4.218 GC heap before
{Heap before GC invocations=2 (full 0):
 garbage-first heap   total 258048K, used 110446K [0x0000000704800000, 0x0000000800000000)
  region size 2048K, 52 young (106496K), 2 survivors (4096K)
 Metaspace       used 21110K, committed 21504K, reserved 1114112K
  class space    used 2397K, committed 2624K, reserved 1048576K
}
Event: 4.227 GC heap after
{Heap after GC invocations=3 (full 0):
 garbage-first heap   total 258048K, used 16930K [0x0000000704800000, 0x0000000800000000)
  region size 2048K, 5 young (10240K), 5 survivors (10240K)
 Metaspace       used 21110K, committed 21504K, reserved 1114112K
  class space    used 2397K, committed 2624K, reserved 1048576K
}
Event: 5.477 GC heap before
{Heap before GC invocations=4 (full 0):
 garbage-first heap   total 75776K, used 74274K [0x0000000704800000, 0x0000000800000000)
  region size 2048K, 33 young (67584K), 5 survivors (10240K)
 Metaspace       used 23936K, committed 24384K, reserved 1114112K
  class space    used 2625K, committed 2880K, reserved 1048576K
}
Event: 5.487 GC heap after
{Heap after GC invocations=5 (full 0):
 garbage-first heap   total 90112K, used 20283K [0x0000000704800000, 0x0000000800000000)
  region size 2048K, 7 young (14336K), 7 survivors (14336K)
 Metaspace       used 23936K, committed 24384K, reserved 1114112K
  class space    used 2625K, committed 2880K, reserved 1048576K
}

Dll operation events (9 events):
Event: 0.008 Loaded shared library C:\Program Files\Java\jdk-21\bin\java.dll
Event: 0.035 Loaded shared library C:\Program Files\Java\jdk-21\bin\jsvml.dll
Event: 0.050 Loaded shared library C:\Program Files\Java\jdk-21\bin\net.dll
Event: 0.051 Loaded shared library C:\Program Files\Java\jdk-21\bin\nio.dll
Event: 0.054 Loaded shared library C:\Program Files\Java\jdk-21\bin\zip.dll
Event: 0.066 Loaded shared library C:\Program Files\Java\jdk-21\bin\jimage.dll
Event: 0.095 Loaded shared library C:\Program Files\Java\jdk-21\bin\extnet.dll
Event: 1.245 Loaded shared library C:\Program Files\Java\jdk-21\bin\verify.dll
Event: 2.398 Loaded shared library C:\Users\shank\AppData\Local\Temp\jansi-2.4.0-6348a62ad114a50e-jansi.dll

Deoptimization events (20 events):
Event: 5.666 Thread 0x000001cf70a635a0 Uncommon trap: trap_request=0xffffff45 fr.pc=0x000001cf197fde64 relative=0x0000000000000584
Event: 5.666 Thread 0x000001cf70a635a0 Uncommon trap: reason=unstable_if action=reinterpret pc=0x000001cf197fde64 method=java.lang.AbstractStringBuilder.inflateIfNeededFor(Ljava/lang/String;)V @ 14 c2
Event: 5.666 Thread 0x000001cf70a635a0 DEOPT PACKING pc=0x000001cf197fde64 sp=0x000000621eaff1b0
Event: 5.666 Thread 0x000001cf70a635a0 DEOPT UNPACKING pc=0x000001cf192346a2 sp=0x000000621eaff0b8 mode 2
Event: 5.666 Thread 0x000001cf70a635a0 Uncommon trap: trap_request=0xffffff45 fr.pc=0x000001cf197b2110 relative=0x00000000000000f0
Event: 5.666 Thread 0x000001cf70a635a0 Uncommon trap: reason=unstable_if action=reinterpret pc=0x000001cf197b2110 method=java.lang.String.getBytes([BIB)V @ 5 c2
Event: 5.666 Thread 0x000001cf70a635a0 DEOPT PACKING pc=0x000001cf197b2110 sp=0x000000621eaff0e0
Event: 5.666 Thread 0x000001cf70a635a0 DEOPT UNPACKING pc=0x000001cf192346a2 sp=0x000000621eaff0a8 mode 2
Event: 5.666 Thread 0x000001cf70a635a0 Uncommon trap: trap_request=0xffffff45 fr.pc=0x000001cf197de654 relative=0x0000000000000514
Event: 5.666 Thread 0x000001cf70a635a0 Uncommon trap: reason=unstable_if action=reinterpret pc=0x000001cf197de654 method=java.lang.AbstractStringBuilder.isLatin1()Z @ 10 c2
Event: 5.666 Thread 0x000001cf70a635a0 DEOPT PACKING pc=0x000001cf197de654 sp=0x000000621eaff220
Event: 5.666 Thread 0x000001cf70a635a0 DEOPT UNPACKING pc=0x000001cf192346a2 sp=0x000000621eaff0b8 mode 2
Event: 5.666 Thread 0x000001cf70a635a0 Uncommon trap: trap_request=0xffffff45 fr.pc=0x000001cf199af9e8 relative=0x00000000000000c8
Event: 5.666 Thread 0x000001cf70a635a0 Uncommon trap: reason=unstable_if action=reinterpret pc=0x000001cf199af9e8 method=java.lang.String.codePointAt(I)I @ 4 c2
Event: 5.666 Thread 0x000001cf70a635a0 DEOPT PACKING pc=0x000001cf199af9e8 sp=0x000000621eaff1d0
Event: 5.666 Thread 0x000001cf70a635a0 DEOPT UNPACKING pc=0x000001cf192346a2 sp=0x000000621eaff158 mode 2
Event: 7.149 Thread 0x000001cf70a642c0 Uncommon trap: trap_request=0xffffff45 fr.pc=0x000001cf1979ca30 relative=0x0000000000000190
Event: 7.149 Thread 0x000001cf70a642c0 Uncommon trap: reason=unstable_if action=reinterpret pc=0x000001cf1979ca30 method=java.lang.String.equals(Ljava/lang/Object;)Z @ 33 c2
Event: 7.149 Thread 0x000001cf70a642c0 DEOPT PACKING pc=0x000001cf1979ca30 sp=0x000000621e9fe8c0
Event: 7.149 Thread 0x000001cf70a642c0 DEOPT UNPACKING pc=0x000001cf192346a2 sp=0x000000621e9fe850 mode 2

Classes loaded (20 events):
Event: 5.643 Loading class java/lang/ProcessImpl$2
Event: 5.643 Loading class java/lang/ProcessImpl$2 done
Event: 5.643 Loading class java/lang/Process$PipeInputStream
Event: 5.643 Loading class java/lang/Process$PipeInputStream done
Event: 5.644 Loading class jdk/internal/event/ProcessStartEvent
Event: 5.645 Loading class jdk/internal/event/ProcessStartEvent done
Event: 5.645 Loading class java/nio/channels/ClosedChannelException
Event: 5.645 Loading class java/nio/channels/ClosedChannelException done
Event: 5.649 Loading class java/nio/channels/NonReadableChannelException
Event: 5.649 Loading class java/nio/channels/NonReadableChannelException done
Event: 5.649 Loading class java/nio/channels/NonWritableChannelException
Event: 5.649 Loading class java/nio/channels/NonWritableChannelException done
Event: 5.663 Loading class java/util/Scanner
Event: 5.664 Loading class java/util/Scanner done
Event: 5.665 Loading class java/util/Scanner$PatternLRUCache
Event: 5.665 Loading class java/util/Scanner$PatternLRUCache done
Event: 7.149 Loading class java/text/ChoiceFormat
Event: 7.149 Loading class java/text/ChoiceFormat done
Event: 7.172 Loading class java/util/concurrent/atomic/Striped64$1
Event: 7.172 Loading class java/util/concurrent/atomic/Striped64$1 done

Classes unloaded (0 events):
No events

Classes redefined (0 events):
No events

Internal exceptions (20 events):
Event: 2.433 Thread 0x000001cf6e3ac350 Exception <a 'java/lang/NoSuchMethodError'{0x0000000711b7b048}: 'java.lang.Object java.lang.invoke.DirectMethodHandle$Holder.invokeSpecialIFC(java.lang.Object, java.lang.Object, java.lang.Object, java.lang.Object)'> (0x0000000711b7b048) 
thrown [s\open\src\hotspot\share\interpreter\linkResolver.cpp, line 773]
Event: 2.461 Thread 0x000001cf6e3ac350 Exception <a 'java/lang/NoSuchMethodError'{0x0000000711871d38}: 'void java.lang.invoke.DirectMethodHandle$Holder.invokeVirtual(java.lang.Object, java.lang.Object)'> (0x0000000711871d38) 
thrown [s\open\src\hotspot\share\interpreter\linkResolver.cpp, line 773]
Event: 2.578 Thread 0x000001cf6e3ac350 Exception <a 'java/lang/NoSuchMethodError'{0x0000000711528108}: 'void java.lang.invoke.DirectMethodHandle$Holder.invokeVirtual(java.lang.Object, java.lang.Object, int)'> (0x0000000711528108) 
thrown [s\open\src\hotspot\share\interpreter\linkResolver.cpp, line 773]
Event: 2.579 Thread 0x000001cf6e3ac350 Exception <a 'java/lang/NoSuchMethodError'{0x000000071152bdd0}: 'void java.lang.invoke.DelegatingMethodHandle$Holder.reinvoke_L(java.lang.Object, java.lang.Object, int)'> (0x000000071152bdd0) 
thrown [s\open\src\hotspot\share\interpreter\linkResolver.cpp, line 773]
Event: 2.712 Thread 0x000001cf6e506540 Exception <a 'java/lang/NoSuchMethodError'{0x0000000711093438}: static Lhudson/maven/SplittableBuildListener$SendMark;.<clinit>()V> (0x0000000711093438) 
thrown [s\open\src\hotspot\share\prims\jni.cpp, line 1106]
Event: 3.427 Thread 0x000001cf6e3ac350 Implicit null exception at 0x000001cf1982b739 to 0x000001cf1982b9ac
Event: 3.427 Thread 0x000001cf6e3ac350 Implicit null exception at 0x000001cf19819539 to 0x000001cf198197a0
Event: 3.542 Thread 0x000001cf6e3ac350 Exception <a 'java/lang/NoSuchMethodError'{0x000000070f46c7c8}: 'java.lang.Object java.lang.invoke.DirectMethodHandle$Holder.newInvokeSpecial(java.lang.Object, java.lang.Object, java.lang.Object, java.lang.Object, java.lang.Object, java.lang.Object, java.lang.Object)'> (0x000000070f46c7c8) 
thrown [s\open\src\hotspot\share\interpreter\linkResolver.cpp, line 773]
Event: 4.153 Thread 0x000001cf6e3ac350 Exception <a 'java/lang/NoSuchMethodError'{0x000000070df17e48}: 'java.lang.Object java.lang.invoke.DirectMethodHandle$Holder.invokeVirtual(java.lang.Object, java.lang.Object, java.lang.Object)'> (0x000000070df17e48) 
thrown [s\open\src\hotspot\share\interpreter\linkResolver.cpp, line 773]
Event: 4.154 Thread 0x000001cf6e3ac350 Exception <a 'java/lang/NoSuchMethodError'{0x000000070df1e6c0}: 'void java.lang.invoke.DirectMethodHandle$Holder.invokeSpecial(java.lang.Object, java.lang.Object, java.lang.Object, java.lang.Object, java.lang.Object, java.lang.Object)'> (0x000000070df1e6c0) 
thrown [s\open\src\hotspot\share\interpreter\linkResolver.cpp, line 773]
Event: 4.154 Thread 0x000001cf6e3ac350 Exception <a 'java/lang/NoSuchMethodError'{0x000000070df287b8}: 'int java.lang.invoke.DirectMethodHandle$Holder.invokeVirtual(java.lang.Object, java.lang.Object)'> (0x000000070df287b8) 
thrown [s\open\src\hotspot\share\interpreter\linkResolver.cpp, line 773]
Event: 4.160 Thread 0x000001cf6e3ac350 Exception <a 'java/lang/NoSuchMethodError'{0x000000070df63c88}: 'void java.lang.invoke.Invokers$Holder.invokeExact_MT(java.lang.Object, java.lang.Object, int, java.lang.Object)'> (0x000000070df63c88) 
thrown [s\open\src\hotspot\share\interpreter\linkResolver.cpp, line 773]
Event: 5.402 Thread 0x000001cf70a64fe0 Exception <a 'java/lang/NoSuchMethodError'{0x0000000705534bd8}: 'java.lang.Object java.lang.invoke.DirectMethodHandle$Holder.invokeStatic(java.lang.Object, long, java.lang.Object)'> (0x0000000705534bd8) 
thrown [s\open\src\hotspot\share\interpreter\linkResolver.cpp, line 773]
Event: 5.403 Thread 0x000001cf70a64fe0 Exception <a 'java/lang/NoSuchMethodError'{0x0000000705537f80}: 'java.lang.Object java.lang.invoke.DirectMethodHandle$Holder.invokeStaticInit(java.lang.Object, long, java.lang.Object)'> (0x0000000705537f80) 
thrown [s\open\src\hotspot\share\interpreter\linkResolver.cpp, line 773]
Event: 5.403 Thread 0x000001cf70a64fe0 Exception <a 'java/lang/NoSuchMethodError'{0x000000070553d340}: 'java.lang.Object java.lang.invoke.DirectMethodHandle$Holder.newInvokeSpecial(java.lang.Object, long)'> (0x000000070553d340) 
thrown [s\open\src\hotspot\share\interpreter\linkResolver.cpp, line 773]
Event: 5.403 Thread 0x000001cf70a64fe0 Exception <a 'java/lang/NoSuchMethodError'{0x00000007055412e0}: 'long java.lang.invoke.DirectMethodHandle$Holder.invokeInterface(java.lang.Object, java.lang.Object)'> (0x00000007055412e0) 
thrown [s\open\src\hotspot\share\interpreter\linkResolver.cpp, line 773]
Event: 5.404 Thread 0x000001cf70a64fe0 Exception <a 'java/lang/NoSuchMethodError'{0x0000000705544598}: 'long java.lang.invoke.DelegatingMethodHandle$Holder.reinvoke_L(java.lang.Object, java.lang.Object)'> (0x0000000705544598) 
thrown [s\open\src\hotspot\share\interpreter\linkResolver.cpp, line 773]
Event: 5.438 Thread 0x000001cf6e3ac350 Exception <a 'java/lang/NoSuchMethodError'{0x000000070539a358}: 'int java.lang.invoke.DirectMethodHandle$Holder.invokeInterface(java.lang.Object, java.lang.Object)'> (0x000000070539a358) 
thrown [s\open\src\hotspot\share\interpreter\linkResolver.cpp, line 773]
Event: 5.460 Thread 0x000001cf6e3ac350 Exception <a 'java/lang/NoSuchMethodError'{0x00000007050bb6f8}: 'java.lang.Object java.lang.invoke.DirectMethodHandle$Holder.invokeStaticInit(java.lang.Object, java.lang.Object, int, int, int, int)'> (0x00000007050bb6f8) 
thrown [s\open\src\hotspot\share\interpreter\linkResolver.cpp, line 773]
Event: 5.642 Thread 0x000001cf6e3ac350 Exception <a 'java/lang/NoSuchMethodError'{0x000000070d77ec10}: 'void java.lang.invoke.DirectMethodHandle$Holder.invokeStatic(java.lang.Object, long)'> (0x000000070d77ec10) 
thrown [s\open\src\hotspot\share\interpreter\linkResolver.cpp, line 773]

ZGC Phase Switch (0 events):
No events

VM Operations (20 events):
Event: 4.754 Executing VM operation: HandshakeAllThreads (Deoptimize)
Event: 4.754 Executing VM operation: HandshakeAllThreads (Deoptimize) done
Event: 4.943 Executing VM operation: ICBufferFull
Event: 4.943 Executing VM operation: ICBufferFull done
Event: 5.389 Executing VM operation: ICBufferFull
Event: 5.389 Executing VM operation: ICBufferFull done
Event: 5.419 Executing VM operation: HandshakeAllThreads (Deoptimize)
Event: 5.419 Executing VM operation: HandshakeAllThreads (Deoptimize) done
Event: 5.477 Executing VM operation: G1CollectForAllocation (G1 Evacuation Pause)
Event: 5.487 Executing VM operation: G1CollectForAllocation (G1 Evacuation Pause) done
Event: 5.600 Executing VM operation: HandshakeAllThreads (Deoptimize)
Event: 5.600 Executing VM operation: HandshakeAllThreads (Deoptimize) done
Event: 5.608 Executing VM operation: HandshakeAllThreads (Deoptimize)
Event: 5.608 Executing VM operation: HandshakeAllThreads (Deoptimize) done
Event: 5.609 Executing VM operation: HandshakeAllThreads (Deoptimize)
Event: 5.609 Executing VM operation: HandshakeAllThreads (Deoptimize) done
Event: 5.644 Executing VM operation: HandshakeAllThreads (Deoptimize)
Event: 5.644 Executing VM operation: HandshakeAllThreads (Deoptimize) done
Event: 6.654 Executing VM operation: Cleanup
Event: 6.654 Executing VM operation: Cleanup done

Events (20 events):
Event: 0.236 Thread 0x000001cf6e3abce0 Thread added: 0x000001cf6e3abce0
Event: 0.236 Thread 0x000001cf6e3ac350 Thread added: 0x000001cf6e3ac350
Event: 0.368 Thread 0x000001cf6e506540 Thread added: 0x000001cf6e506540
Event: 0.368 Thread 0x000001cf6e506bb0 Thread added: 0x000001cf6e506bb0
Event: 0.522 Thread 0x000001cf6e7c93d0 Thread added: 0x000001cf6e7c93d0
Event: 0.898 Thread 0x000001cf6e7c93d0 Thread exited: 0x000001cf6e7c93d0
Event: 1.005 Thread 0x000001cf6e8df410 Thread added: 0x000001cf6e8df410
Event: 1.530 Thread 0x000001cf6ee220c0 Thread added: 0x000001cf6ee220c0
Event: 3.880 Thread 0x000001cf6ee220c0 Thread exited: 0x000001cf6ee220c0
Event: 3.880 Thread 0x000001cf6e8df410 Thread exited: 0x000001cf6e8df410
Event: 4.217 Thread 0x000001cf6fe87710 Thread added: 0x000001cf6fe87710
Event: 5.396 Thread 0x000001cf70a64fe0 Thread added: 0x000001cf70a64fe0
Event: 5.404 Thread 0x000001cf70a64fe0 Thread exited: 0x000001cf70a64fe0
Event: 5.530 Thread 0x000001cf70a63c30 Thread added: 0x000001cf70a63c30
Event: 5.532 Thread 0x000001cf70a64950 Thread added: 0x000001cf70a64950
Event: 5.629 Thread 0x000001cf70a642c0 Thread added: 0x000001cf70a642c0
Event: 5.661 Thread 0x000001cf70a635a0 Thread added: 0x000001cf70a635a0
Event: 5.662 Thread 0x000001cf70a64fe0 Thread added: 0x000001cf70a64fe0
Event: 5.668 Thread 0x000001cf70a65670 Thread added: 0x000001cf70a65670
Event: 6.310 Thread 0x000001cf6fe87710 Thread exited: 0x000001cf6fe87710


Dynamic libraries:
0x00007ff765de0000 - 0x00007ff765df0000 	C:\Program Files\Java\jdk-21\bin\java.exe
0x00007fffdcb90000 - 0x00007fffdcda6000 	C:\windows\SYSTEM32\ntdll.dll
0x00007fffdc5d0000 - 0x00007fffdc694000 	C:\windows\System32\KERNEL32.DLL
0x00007fffda0c0000 - 0x00007fffda467000 	C:\windows\System32\KERNELBASE.dll
0x00007fffda4f0000 - 0x00007fffda601000 	C:\windows\System32\ucrtbase.dll
0x00007fffd6bf0000 - 0x00007fffd6c0b000 	C:\Program Files\Java\jdk-21\bin\VCRUNTIME140.dll
0x00007fffca610000 - 0x00007fffca629000 	C:\Program Files\Java\jdk-21\bin\jli.dll
0x00007fffdc720000 - 0x00007fffdc7d2000 	C:\windows\System32\ADVAPI32.dll
0x00007fffdba90000 - 0x00007fffdbb37000 	C:\windows\System32\msvcrt.dll
0x00007fffda9c0000 - 0x00007fffdaa68000 	C:\windows\System32\sechost.dll
0x00007fffda090000 - 0x00007fffda0b8000 	C:\windows\System32\bcrypt.dll
0x00007fffdb910000 - 0x00007fffdba25000 	C:\windows\System32\RPCRT4.dll
0x00007fffdc1a0000 - 0x00007fffdc34e000 	C:\windows\System32\USER32.dll
0x00007fffda610000 - 0x00007fffda636000 	C:\windows\System32\win32u.dll
0x00007fffdc0c0000 - 0x00007fffdc0e9000 	C:\windows\System32\GDI32.dll
0x00007fffd9f70000 - 0x00007fffda089000 	C:\windows\System32\gdi32full.dll
0x00007fffda820000 - 0x00007fffda8ba000 	C:\windows\System32\msvcp_win.dll
0x00007fffbc750000 - 0x00007fffbc9e3000 	C:\windows\WinSxS\amd64_microsoft.windows.common-controls_6595b64144ccf1df_6.0.22621.3235_none_270f74e173860f98\COMCTL32.dll
0x00007fffcb3c0000 - 0x00007fffcb3ca000 	C:\windows\SYSTEM32\VERSION.dll
0x00007fffdc6d0000 - 0x00007fffdc701000 	C:\windows\System32\IMM32.DLL
0x00007fffd0b20000 - 0x00007fffd0b2c000 	C:\Program Files\Java\jdk-21\bin\vcruntime140_1.dll
0x00007fffb8ff0000 - 0x00007fffb907e000 	C:\Program Files\Java\jdk-21\bin\msvcp140.dll
0x00007fff1a0f0000 - 0x00007fff1ae07000 	C:\Program Files\Java\jdk-21\bin\server\jvm.dll
0x00007fffdb800000 - 0x00007fffdb871000 	C:\windows\System32\WS2_32.dll
0x00007fffd9bd0000 - 0x00007fffd9c1d000 	C:\windows\SYSTEM32\POWRPROF.dll
0x00007fffd0ae0000 - 0x00007fffd0b14000 	C:\windows\SYSTEM32\WINMM.dll
0x00007fffd9bb0000 - 0x00007fffd9bc3000 	C:\windows\SYSTEM32\UMPDC.dll
0x00007fffd8eb0000 - 0x00007fffd8ec8000 	C:\windows\SYSTEM32\kernel.appcore.dll
0x00007fffc8940000 - 0x00007fffc894a000 	C:\Program Files\Java\jdk-21\bin\jimage.dll
0x00007fffd7710000 - 0x00007fffd7943000 	C:\windows\SYSTEM32\DBGHELP.DLL
0x00007fffdbb50000 - 0x00007fffdbed8000 	C:\windows\System32\combase.dll
0x00007fffdbee0000 - 0x00007fffdbfb7000 	C:\windows\System32\OLEAUT32.dll
0x00007fffabcd0000 - 0x00007fffabd02000 	C:\windows\SYSTEM32\dbgcore.DLL
0x00007fffda470000 - 0x00007fffda4e9000 	C:\windows\System32\bcryptPrimitives.dll
0x00007fffbab20000 - 0x00007fffbab3f000 	C:\Program Files\Java\jdk-21\bin\java.dll
0x00007fffdab20000 - 0x00007fffdb37c000 	C:\windows\System32\SHELL32.dll
0x00007fffd7dc0000 - 0x00007fffd86b9000 	C:\windows\SYSTEM32\windows.storage.dll
0x00007fffd7c80000 - 0x00007fffd7dbe000 	C:\windows\SYSTEM32\wintypes.dll
0x00007fffdbfc0000 - 0x00007fffdc0b3000 	C:\windows\System32\SHCORE.dll
0x00007fffdc140000 - 0x00007fffdc19e000 	C:\windows\System32\shlwapi.dll
0x00007fffd9de0000 - 0x00007fffd9e01000 	C:\windows\SYSTEM32\profapi.dll
0x00007fff89a20000 - 0x00007fff89af7000 	C:\Program Files\Java\jdk-21\bin\jsvml.dll
0x00007fffc8930000 - 0x00007fffc8940000 	C:\Program Files\Java\jdk-21\bin\net.dll
0x00007fffd3850000 - 0x00007fffd3986000 	C:\windows\SYSTEM32\WINHTTP.dll
0x00007fffd9310000 - 0x00007fffd9379000 	C:\windows\system32\mswsock.dll
0x00007fffba4e0000 - 0x00007fffba4f6000 	C:\Program Files\Java\jdk-21\bin\nio.dll
0x00007fffba180000 - 0x00007fffba198000 	C:\Program Files\Java\jdk-21\bin\zip.dll
0x00007fffd8920000 - 0x00007fffd894d000 	C:\windows\SYSTEM32\IPHLPAPI.DLL
0x00007fffdbb40000 - 0x00007fffdbb49000 	C:\windows\System32\NSI.dll
0x00007fffba150000 - 0x00007fffba159000 	C:\Program Files\Java\jdk-21\bin\extnet.dll
0x00007fffbab10000 - 0x00007fffbab20000 	C:\Program Files\Java\jdk-21\bin\verify.dll
0x0000000069ac0000 - 0x0000000069ae4000 	C:\Users\shank\AppData\Local\Temp\jansi-2.4.0-6348a62ad114a50e-jansi.dll
0x00007fffd9600000 - 0x00007fffd961b000 	C:\windows\SYSTEM32\CRYPTSP.dll
0x00007fffd8e10000 - 0x00007fffd8e45000 	C:\windows\system32\rsaenh.dll
0x00007fffd93b0000 - 0x00007fffd93d8000 	C:\windows\SYSTEM32\USERENV.dll
0x00007fffd9510000 - 0x00007fffd951c000 	C:\windows\SYSTEM32\CRYPTBASE.dll

dbghelp: loaded successfully - version: 4.0.5 - missing functions: none
symbol engine: initialized successfully - sym options: 0x614 - pdb path: .;C:\Program Files\Java\jdk-21\bin;C:\windows\SYSTEM32;C:\windows\WinSxS\amd64_microsoft.windows.common-controls_6595b64144ccf1df_6.0.22621.3235_none_270f74e173860f98;C:\Program Files\Java\jdk-21\bin\server;C:\Users\shank\AppData\Local\Temp

VM Arguments:
java_command: jenkins.maven3.agent.Maven35Main C:\Users\shank\.jenkins\tools\hudson.tasks.Maven_MavenInstallation\MAVEN_HOME C:\Users\shank\.jenkins\war\WEB-INF\lib\remoting-3206.vb_15dcf73f6a_9.jar C:\Users\shank\.jenkins\plugins\maven-plugin\WEB-INF\lib\maven35-interceptor-1.14.jar C:\Users\shank\.jenkins\plugins\maven-plugin\WEB-INF\lib\maven3-interceptor-commons-1.14.jar 50663
java_class_path (initial): C:\Users\shank\.jenkins\plugins\maven-plugin\WEB-INF\lib\maven35-agent-1.14.jar;C:\Users\shank\.jenkins\tools\hudson.tasks.Maven_MavenInstallation\MAVEN_HOME\boot\plexus-classworlds-2.7.0.jar;C:\Users\shank\.jenkins\tools\hudson.tasks.Maven_MavenInstallation\MAVEN_HOME/conf/logging
Launcher Type: SUN_STANDARD

[Global flags]
     intx CICompilerCount                          = 4                                         {product} {ergonomic}
     uint ConcGCThreads                            = 3                                         {product} {ergonomic}
     uint G1ConcRefinementThreads                  = 10                                        {product} {ergonomic}
   size_t G1HeapRegionSize                         = 2097152                                   {product} {ergonomic}
    uintx GCDrainStackTargetSize                   = 64                                        {product} {ergonomic}
   size_t InitialHeapSize                          = 264241152                                 {product} {ergonomic}
   size_t MarkStackSize                            = 4194304                                   {product} {ergonomic}
   size_t MaxHeapSize                              = 4219469824                                {product} {ergonomic}
   size_t MaxNewSize                               = 2531262464                                {product} {ergonomic}
   size_t MinHeapDeltaBytes                        = 2097152                                   {product} {ergonomic}
   size_t MinHeapSize                              = 8388608                                   {product} {ergonomic}
    uintx NonNMethodCodeHeapSize                   = 5839372                                {pd product} {ergonomic}
    uintx NonProfiledCodeHeapSize                  = 122909434                              {pd product} {ergonomic}
    uintx ProfiledCodeHeapSize                     = 122909434                              {pd product} {ergonomic}
    uintx ReservedCodeCacheSize                    = 251658240                              {pd product} {ergonomic}
     bool SegmentedCodeCache                       = true                                      {product} {ergonomic}
   size_t SoftMaxHeapSize                          = 4219469824                             {manageable} {ergonomic}
     bool UseCompressedOops                        = true                           {product lp64_product} {ergonomic}
     bool UseG1GC                                  = true                                      {product} {ergonomic}
     bool UseLargePagesIndividualAllocation        = false                                  {pd product} {ergonomic}

Logging:
Log output configuration:
 #0: stdout all=warning uptime,level,tags foldmultilines=false
 #1: stderr all=off uptime,level,tags foldmultilines=false

Environment Variables:
JAVA_HOME=C:\Program Files\Java\jdk-21
PATH=C:\Users\shank\.jenkins\tools\hudson.tasks.Maven_MavenInstallation\MAVEN_HOME/bin;C:\Program Files\Java\jdk-21/bin;C:\Program Files\Java\jdk-21/bin;C:\Program Files\Common Files\Oracle\Java\javapath;C:\windows\system32;C:\windows;C:\windows\System32\Wbem;C:\windows\System32\WindowsPowerShell\v1.0\;C:\windows\System32\OpenSSH\;C:\Program Files\MySQL\MySQL Server 8.0\bin;C:\Program Files\MySQL\MySQL Server 8.0\bin;C:\Program Files\HP\HP One Agent;C:\SOFTWARE TESTING\apache-maven-3.9.6-bin\apache-maven-3.9.6\bin;C:\Program Files\Java\jdk-21;C:\SOFTWARE TESTING\apache-maven-3.9.6-bin\apache-maven-3.9.6\bin;C:\Program Files\Git\cmd;C:\Program Files\nodejs\;%ANDROID_HOME%\platform-tools;%ANDROID_HOME%\tools;%ANDROID_HOME%\tools\bin;C:\Program Files\MySQL\MySQL Shell 8.0\bin\;C:\Users\shank\AppData\Local\Microsoft\WindowsApps;C:\Users\shank\AppData\Local\Programs\Microsoft VS Code\bin;C:\Program Files\MySQL\MySQL Server 8.0\bin;C:\Users\shank\AppData\Roaming\npm
USERNAME=shank
OS=Windows_NT
PROCESSOR_IDENTIFIER=Intel64 Family 6 Model 186 Stepping 3, GenuineIntel
TMP=C:\Users\shank\AppData\Local\Temp
TEMP=C:\Users\shank\AppData\Local\Temp




Periodic native trim disabled

---------------  S Y S T E M  ---------------

OS:
 Windows 11 , 64 bit Build 22621 (10.0.22621.3374)
OS uptime: 0 days 0:40 hours
Hyper-V role detected

CPU: total 12 (initial active 12) (6 cores per cpu, 2 threads per core) family 6 model 186 stepping 3 microcode 0x410e, cx8, cmov, fxsr, ht, mmx, 3dnowpref, sse, sse2, sse3, ssse3, sse4.1, sse4.2, popcnt, lzcnt, tsc, tscinvbit, avx, avx2, aes, erms, clmul, bmi1, bmi2, adx, sha, fma, vzeroupper, clflush, clflushopt, clwb, hv, serialize, rdtscp, rdpid, fsrm, f16c, cet_ibt, cet_ss
Processor Information for processor 0
  Max Mhz: 1300, Current Mhz: 1300, Mhz Limit: 1300
Processor Information for processor 1
  Max Mhz: 1300, Current Mhz: 1300, Mhz Limit: 1300
Processor Information for processor 2
  Max Mhz: 1300, Current Mhz: 1300, Mhz Limit: 1300
Processor Information for processor 3
  Max Mhz: 1300, Current Mhz: 1300, Mhz Limit: 1300
Processor Information for processor 4
  Max Mhz: 1300, Current Mhz: 900, Mhz Limit: 897
Processor Information for processor 5
  Max Mhz: 1300, Current Mhz: 900, Mhz Limit: 897
Processor Information for processor 6
  Max Mhz: 1300, Current Mhz: 900, Mhz Limit: 897
Processor Information for processor 7
  Max Mhz: 1300, Current Mhz: 900, Mhz Limit: 897
Processor Information for processor 8
  Max Mhz: 1300, Current Mhz: 900, Mhz Limit: 897
Processor Information for processor 9
  Max Mhz: 1300, Current Mhz: 900, Mhz Limit: 897
Processor Information for processor 10
  Max Mhz: 1300, Current Mhz: 900, Mhz Limit: 897
Processor Information for processor 11
  Max Mhz: 1300, Current Mhz: 900, Mhz Limit: 897

Memory: 4k page, system-wide physical 16095M (2321M free)
TotalPageFile size 16095M (AvailPageFile size 3M)
current process WorkingSet (physical memory assigned to process): 215M, peak: 225M
current process commit charge ("private bytes"): 265M, peak: 405M

vm_info: Java HotSpot(TM) 64-Bit Server VM (21.0.2+13-LTS-58) for windows-amd64 JRE (21.0.2+13-LTS-58), built on 2024-01-05T18:32:24Z by "mach5one" with MS VC++ 17.1 (VS2022)

END.
