#
# There is insufficient memory for the Java Runtime Environment to continue.
# Native memory allocation (malloc) failed to allocate 571216 bytes for Chunk::new
# Possible reasons:
#   The system is out of physical RAM or swap space
#   The process is running with CompressedOops enabled, and the Java Heap may be blocking the growth of the native heap
# Possible solutions:
#   Reduce memory load on the system
#   Increase physical memory or swap space
#   Check if swap backing store is full
#   Decrease Java heap size (-Xmx/-Xms)
#   Decrease number of Java threads
#   Decrease Java thread stack sizes (-Xss)
#   Set larger code cache with -XX:ReservedCodeCacheSize=
#   JVM is running with Zero Based Compressed Oops mode in which the Java heap is
#     placed in the first 32GB address space. The Java Heap base address is the
#     maximum limit for the native heap growth. Please use -XX:HeapBaseMinAddress
#     to set the Java Heap base and to place the Java Heap above 32GB virtual address.
# This output file may be truncated or incomplete.
#
#  Out of Memory Error (arena.cpp:168), pid=19116, tid=12828
#
# JRE version: Java(TM) SE Runtime Environment (21.0.2+13) (build 21.0.2+13-LTS-58)
# Java VM: Java HotSpot(TM) 64-Bit Server VM (21.0.2+13-LTS-58, mixed mode, sharing, tiered, compressed oops, compressed class ptrs, g1 gc, windows-amd64)
# No core dump will be written. Minidumps are not enabled by default on client versions of Windows
#

---------------  S U M M A R Y ------------

Command Line: C:\Users\shank\AppData\Local\Temp\surefire14938906442751802816\surefirebooter-20240509133225480_3.jar C:\Users\shank\AppData\Local\Temp\surefire14938906442751802816 2024-05-09T13-32-25_344-jvmRun1 surefire-20240509133225480_1tmp surefire_0-20240509133225480_2tmp

Host: 13th Gen Intel(R) Core(TM) i5-1335U, 12 cores, 15G,  Windows 11 , 64 bit Build 22621 (10.0.22621.3374)
Time: Thu May  9 13:32:27 2024 India Standard Time elapsed time: 1.477614 seconds (0d 0h 0m 1s)

---------------  T H R E A D  ---------------

Current thread (0x000001e28faf4b30):  JavaThread "C2 CompilerThread1" daemon [_thread_in_native, id=12828, stack(0x000000734c700000,0x000000734c800000) (1024K)]


Current CompileTask:
C2:   1477 2144       4       java.lang.invoke.MethodType::makeImpl (109 bytes)

Stack: [0x000000734c700000,0x000000734c800000]
Native frames: (J=compiled Java code, j=interpreted, Vv=VM code, C=native code)
V  [jvm.dll+0x6cade9]
V  [jvm.dll+0x8569c1]
V  [jvm.dll+0x858d2e]
V  [jvm.dll+0x859413]
V  [jvm.dll+0x280e56]
V  [jvm.dll+0xc3f3d]
V  [jvm.dll+0xc4473]
V  [jvm.dll+0x2f437f]
V  [jvm.dll+0x5f5056]
V  [jvm.dll+0x252d7f]
V  [jvm.dll+0x24b637]
V  [jvm.dll+0x2490a3]
V  [jvm.dll+0x1c9634]
V  [jvm.dll+0x258859]
V  [jvm.dll+0x256e3a]
V  [jvm.dll+0x3ef6c6]
V  [jvm.dll+0x7ff568]
V  [jvm.dll+0x6c953d]
C  [ucrtbase.dll+0x29333]
C  [KERNEL32.DLL+0x1257d]
C  [ntdll.dll+0x5aa48]


---------------  P R O C E S S  ---------------

Threads class SMR info:
_java_thread_list=0x000001e28fb79870, length=20, elements={
0x000001e22860f940, 0x000001e249244b10, 0x000001e249246040, 0x000001e24924b5d0,
0x000001e24924d8b0, 0x000001e24924e310, 0x000001e249c1a0b0, 0x000001e249c1ae40,
0x000001e249c20df0, 0x000001e249dd4f00, 0x000001e249dd6970, 0x000001e249ed5380,
0x000001e249c0a2c0, 0x000001e28f8c3be0, 0x000001e28f8c4250, 0x000001e28faf4b30,
0x000001e28fe918e0, 0x000001e28fd6b8e0, 0x000001e28fd6b250, 0x000001e28fd6bf70
}

Java Threads: ( => current thread )
  0x000001e22860f940 JavaThread "main"                              [_thread_in_vm, id=3660, stack(0x000000734b300000,0x000000734b400000) (1024K)]
  0x000001e249244b10 JavaThread "Reference Handler"          daemon [_thread_blocked, id=3540, stack(0x000000734bb00000,0x000000734bc00000) (1024K)]
  0x000001e249246040 JavaThread "Finalizer"                  daemon [_thread_blocked, id=19836, stack(0x000000734bc00000,0x000000734bd00000) (1024K)]
  0x000001e24924b5d0 JavaThread "Signal Dispatcher"          daemon [_thread_blocked, id=13440, stack(0x000000734bd00000,0x000000734be00000) (1024K)]
  0x000001e24924d8b0 JavaThread "Attach Listener"            daemon [_thread_blocked, id=11288, stack(0x000000734be00000,0x000000734bf00000) (1024K)]
  0x000001e24924e310 JavaThread "Service Thread"             daemon [_thread_blocked, id=1672, stack(0x000000734bf00000,0x000000734c000000) (1024K)]
  0x000001e249c1a0b0 JavaThread "Monitor Deflation Thread"   daemon [_thread_blocked, id=15152, stack(0x000000734c000000,0x000000734c100000) (1024K)]
  0x000001e249c1ae40 JavaThread "C2 CompilerThread0"         daemon [_thread_in_native, id=19932, stack(0x000000734c100000,0x000000734c200000) (1024K)]
  0x000001e249c20df0 JavaThread "C1 CompilerThread0"         daemon [_thread_in_native, id=1480, stack(0x000000734c200000,0x000000734c300000) (1024K)]
  0x000001e249dd4f00 JavaThread "Notification Thread"        daemon [_thread_blocked, id=3824, stack(0x000000734c300000,0x000000734c400000) (1024K)]
  0x000001e249dd6970 JavaThread "Common-Cleaner"             daemon [_thread_blocked, id=11744, stack(0x000000734c400000,0x000000734c500000) (1024K)]
  0x000001e249ed5380 JavaThread "surefire-forkedjvm-stream-flusher" daemon [_thread_blocked, id=2752, stack(0x000000734c500000,0x000000734c600000) (1024K)]
  0x000001e249c0a2c0 JavaThread "surefire-forkedjvm-command-thread" daemon [_thread_in_native, id=9648, stack(0x000000734c600000,0x000000734c700000) (1024K)]
  0x000001e28f8c3be0 JavaThread "ForkJoinPool.commonPool-worker-1" daemon [_thread_blocked, id=19468, stack(0x000000734c800000,0x000000734c900000) (1024K)]
  0x000001e28f8c4250 JavaThread "ForkJoinPool.commonPool-worker-2" daemon [_thread_blocked, id=19548, stack(0x000000734c900000,0x000000734ca00000) (1024K)]
=>0x000001e28faf4b30 JavaThread "C2 CompilerThread1"         daemon [_thread_in_native, id=12828, stack(0x000000734c700000,0x000000734c800000) (1024K)]
  0x000001e28fe918e0 JavaThread "HttpClient-1-SelectorManager" daemon [_thread_in_native, id=1608, stack(0x000000734d300000,0x000000734d400000) (1024K)]
  0x000001e28fd6b8e0 JavaThread "Driver Service Executor"    daemon [_thread_blocked, id=18512, stack(0x000000734d500000,0x000000734d600000) (1024K)]
  0x000001e28fd6b250 JavaThread "Driver Service Executor"    daemon [_thread_blocked, id=14980, stack(0x000000734d600000,0x000000734d700000) (1024K)]
  0x000001e28fd6bf70 JavaThread "UrlChecker-2"               daemon [_thread_blocked, id=18700, stack(0x000000734d700000,0x000000734d800000) (1024K)]
Total: 20

Other Threads:
  0x000001e249223d20 VMThread "VM Thread"                           [id=2532, stack(0x000000734ba00000,0x000000734bb00000) (1024K)]
  0x000001e24920e0c0 WatcherThread "VM Periodic Task Thread"        [id=17892, stack(0x000000734b900000,0x000000734ba00000) (1024K)]
  0x000001e228672060 WorkerThread "GC Thread#0"                     [id=1220, stack(0x000000734b400000,0x000000734b500000) (1024K)]
  0x000001e249223980 WorkerThread "GC Thread#1"                     [id=9800, stack(0x000000734ca00000,0x000000734cb00000) (1024K)]
  0x000001e2492240c0 WorkerThread "GC Thread#2"                     [id=19512, stack(0x000000734cb00000,0x000000734cc00000) (1024K)]
  0x000001e249224ba0 WorkerThread "GC Thread#3"                     [id=19544, stack(0x000000734cc00000,0x000000734cd00000) (1024K)]
  0x000001e249224f40 WorkerThread "GC Thread#4"                     [id=19592, stack(0x000000734cd00000,0x000000734ce00000) (1024K)]
  0x000001e249224800 WorkerThread "GC Thread#5"                     [id=19500, stack(0x000000734ce00000,0x000000734cf00000) (1024K)]
  0x000001e2492235e0 WorkerThread "GC Thread#6"                     [id=19632, stack(0x000000734cf00000,0x000000734d000000) (1024K)]
  0x000001e28f8e59a0 WorkerThread "GC Thread#7"                     [id=19484, stack(0x000000734d000000,0x000000734d100000) (1024K)]
  0x000001e28f8e43e0 WorkerThread "GC Thread#8"                     [id=10708, stack(0x000000734d100000,0x000000734d200000) (1024K)]
  0x000001e28f8e4ec0 WorkerThread "GC Thread#9"                     [id=14928, stack(0x000000734d200000,0x000000734d300000) (1024K)]
  0x000001e2286c1010 ConcurrentGCThread "G1 Main Marker"            [id=19924, stack(0x000000734b500000,0x000000734b600000) (1024K)]
  0x000001e2286c2320 WorkerThread "G1 Conc#0"                       [id=17984, stack(0x000000734b600000,0x000000734b700000) (1024K)]
  0x000001e2490e13a0 ConcurrentGCThread "G1 Refine#0"               [id=15612, stack(0x000000734b700000,0x000000734b800000) (1024K)]
  0x000001e2490e3230 ConcurrentGCThread "G1 Service"                [id=5060, stack(0x000000734b800000,0x000000734b900000) (1024K)]
Total: 16

Threads with active compile tasks:
C2 CompilerThread0     1504 2181       4       java.util.regex.Matcher::search (154 bytes)
C2 CompilerThread1     1504 2144       4       java.lang.invoke.MethodType::makeImpl (109 bytes)
Total: 2

VM state: not at safepoint (normal execution)

VM Mutex/Monitor currently owned by a thread: None

Heap address: 0x0000000704800000, size: 4024 MB, Compressed Oops mode: Zero based, Oop shift amount: 3

CDS archive(s) mapped at: [0x000001e24a000000-0x000001e24ac90000-0x000001e24ac90000), size 13172736, SharedBaseAddress: 0x000001e24a000000, ArchiveRelocationMode: 1.
Compressed class space mapped at: 0x000001e24b000000-0x000001e28b000000, reserved size: 1073741824
Narrow klass base: 0x000001e24a000000, Narrow klass shift: 0, Narrow klass range: 0x100000000

GC Precious Log:
 CardTable entry size: 512
 Card Set container configuration: InlinePtr #cards 4 size 8 Array Of Cards #cards 16 size 48 Howl #buckets 8 coarsen threshold 3686 Howl Bitmap #cards 512 size 80 coarsen threshold 460 Card regions per heap region 1 cards per card region 4096
 CPUs: 12 total, 12 available
 Memory: 16095M
 Large Page Support: Disabled
 NUMA Support: Disabled
 Compressed Oops: Enabled (Zero based)
 Heap Region Size: 2M
 Heap Min Capacity: 8M
 Heap Initial Capacity: 252M
 Heap Max Capacity: 4024M
 Pre-touch: Disabled
 Parallel Workers: 10
 Concurrent Workers: 3
 Concurrent Refinement Workers: 10
 Periodic GC: Disabled

Heap:
 garbage-first heap   total 258048K, used 30192K [0x0000000704800000, 0x0000000800000000)
  region size 2048K, 16 young (32768K), 2 survivors (4096K)
 Metaspace       used 17459K, committed 17856K, reserved 1114112K
  class space    used 2018K, committed 2176K, reserved 1048576K

Heap Regions: E=young(eden), S=young(survivor), O=old, HS=humongous(starts), HC=humongous(continues), CS=collection set, F=free, TAMS=top-at-mark-start, PB=parsable bottom
|   0|0x0000000704800000, 0x000000070497c018, 0x0000000704a00000| 74%| O|  |TAMS 0x0000000704800000| PB 0x0000000704800000| Untracked 
|   1|0x0000000704a00000, 0x0000000704a00000, 0x0000000704c00000|  0%| F|  |TAMS 0x0000000704a00000| PB 0x0000000704a00000| Untracked 
|   2|0x0000000704c00000, 0x0000000704c00000, 0x0000000704e00000|  0%| F|  |TAMS 0x0000000704c00000| PB 0x0000000704c00000| Untracked 
|   3|0x0000000704e00000, 0x0000000704e00000, 0x0000000705000000|  0%| F|  |TAMS 0x0000000704e00000| PB 0x0000000704e00000| Untracked 
|   4|0x0000000705000000, 0x0000000705000000, 0x0000000705200000|  0%| F|  |TAMS 0x0000000705000000| PB 0x0000000705000000| Untracked 
|   5|0x0000000705200000, 0x0000000705200000, 0x0000000705400000|  0%| F|  |TAMS 0x0000000705200000| PB 0x0000000705200000| Untracked 
|   6|0x0000000705400000, 0x0000000705400000, 0x0000000705600000|  0%| F|  |TAMS 0x0000000705400000| PB 0x0000000705400000| Untracked 
|   7|0x0000000705600000, 0x0000000705600000, 0x0000000705800000|  0%| F|  |TAMS 0x0000000705600000| PB 0x0000000705600000| Untracked 
|   8|0x0000000705800000, 0x0000000705800000, 0x0000000705a00000|  0%| F|  |TAMS 0x0000000705800000| PB 0x0000000705800000| Untracked 
|   9|0x0000000705a00000, 0x0000000705a00000, 0x0000000705c00000|  0%| F|  |TAMS 0x0000000705a00000| PB 0x0000000705a00000| Untracked 
|  10|0x0000000705c00000, 0x0000000705c00000, 0x0000000705e00000|  0%| F|  |TAMS 0x0000000705c00000| PB 0x0000000705c00000| Untracked 
|  11|0x0000000705e00000, 0x0000000705e00000, 0x0000000706000000|  0%| F|  |TAMS 0x0000000705e00000| PB 0x0000000705e00000| Untracked 
|  12|0x0000000706000000, 0x0000000706000000, 0x0000000706200000|  0%| F|  |TAMS 0x0000000706000000| PB 0x0000000706000000| Untracked 
|  13|0x0000000706200000, 0x0000000706200000, 0x0000000706400000|  0%| F|  |TAMS 0x0000000706200000| PB 0x0000000706200000| Untracked 
|  14|0x0000000706400000, 0x0000000706400000, 0x0000000706600000|  0%| F|  |TAMS 0x0000000706400000| PB 0x0000000706400000| Untracked 
|  15|0x0000000706600000, 0x0000000706600000, 0x0000000706800000|  0%| F|  |TAMS 0x0000000706600000| PB 0x0000000706600000| Untracked 
|  16|0x0000000706800000, 0x0000000706800000, 0x0000000706a00000|  0%| F|  |TAMS 0x0000000706800000| PB 0x0000000706800000| Untracked 
|  17|0x0000000706a00000, 0x0000000706a00000, 0x0000000706c00000|  0%| F|  |TAMS 0x0000000706a00000| PB 0x0000000706a00000| Untracked 
|  18|0x0000000706c00000, 0x0000000706c00000, 0x0000000706e00000|  0%| F|  |TAMS 0x0000000706c00000| PB 0x0000000706c00000| Untracked 
|  19|0x0000000706e00000, 0x0000000706e00000, 0x0000000707000000|  0%| F|  |TAMS 0x0000000706e00000| PB 0x0000000706e00000| Untracked 
|  20|0x0000000707000000, 0x0000000707000000, 0x0000000707200000|  0%| F|  |TAMS 0x0000000707000000| PB 0x0000000707000000| Untracked 
|  21|0x0000000707200000, 0x0000000707200000, 0x0000000707400000|  0%| F|  |TAMS 0x0000000707200000| PB 0x0000000707200000| Untracked 
|  22|0x0000000707400000, 0x0000000707400000, 0x0000000707600000|  0%| F|  |TAMS 0x0000000707400000| PB 0x0000000707400000| Untracked 
|  23|0x0000000707600000, 0x0000000707600000, 0x0000000707800000|  0%| F|  |TAMS 0x0000000707600000| PB 0x0000000707600000| Untracked 
|  24|0x0000000707800000, 0x0000000707800000, 0x0000000707a00000|  0%| F|  |TAMS 0x0000000707800000| PB 0x0000000707800000| Untracked 
|  25|0x0000000707a00000, 0x0000000707a00000, 0x0000000707c00000|  0%| F|  |TAMS 0x0000000707a00000| PB 0x0000000707a00000| Untracked 
|  26|0x0000000707c00000, 0x0000000707c00000, 0x0000000707e00000|  0%| F|  |TAMS 0x0000000707c00000| PB 0x0000000707c00000| Untracked 
|  27|0x0000000707e00000, 0x0000000707e00000, 0x0000000708000000|  0%| F|  |TAMS 0x0000000707e00000| PB 0x0000000707e00000| Untracked 
|  28|0x0000000708000000, 0x0000000708000000, 0x0000000708200000|  0%| F|  |TAMS 0x0000000708000000| PB 0x0000000708000000| Untracked 
|  29|0x0000000708200000, 0x0000000708200000, 0x0000000708400000|  0%| F|  |TAMS 0x0000000708200000| PB 0x0000000708200000| Untracked 
|  30|0x0000000708400000, 0x0000000708400000, 0x0000000708600000|  0%| F|  |TAMS 0x0000000708400000| PB 0x0000000708400000| Untracked 
|  31|0x0000000708600000, 0x0000000708600000, 0x0000000708800000|  0%| F|  |TAMS 0x0000000708600000| PB 0x0000000708600000| Untracked 
|  32|0x0000000708800000, 0x0000000708800000, 0x0000000708a00000|  0%| F|  |TAMS 0x0000000708800000| PB 0x0000000708800000| Untracked 
|  33|0x0000000708a00000, 0x0000000708a00000, 0x0000000708c00000|  0%| F|  |TAMS 0x0000000708a00000| PB 0x0000000708a00000| Untracked 
|  34|0x0000000708c00000, 0x0000000708c00000, 0x0000000708e00000|  0%| F|  |TAMS 0x0000000708c00000| PB 0x0000000708c00000| Untracked 
|  35|0x0000000708e00000, 0x0000000708e00000, 0x0000000709000000|  0%| F|  |TAMS 0x0000000708e00000| PB 0x0000000708e00000| Untracked 
|  36|0x0000000709000000, 0x0000000709000000, 0x0000000709200000|  0%| F|  |TAMS 0x0000000709000000| PB 0x0000000709000000| Untracked 
|  37|0x0000000709200000, 0x0000000709200000, 0x0000000709400000|  0%| F|  |TAMS 0x0000000709200000| PB 0x0000000709200000| Untracked 
|  38|0x0000000709400000, 0x0000000709400000, 0x0000000709600000|  0%| F|  |TAMS 0x0000000709400000| PB 0x0000000709400000| Untracked 
|  39|0x0000000709600000, 0x0000000709600000, 0x0000000709800000|  0%| F|  |TAMS 0x0000000709600000| PB 0x0000000709600000| Untracked 
|  40|0x0000000709800000, 0x0000000709800000, 0x0000000709a00000|  0%| F|  |TAMS 0x0000000709800000| PB 0x0000000709800000| Untracked 
|  41|0x0000000709a00000, 0x0000000709a00000, 0x0000000709c00000|  0%| F|  |TAMS 0x0000000709a00000| PB 0x0000000709a00000| Untracked 
|  42|0x0000000709c00000, 0x0000000709c00000, 0x0000000709e00000|  0%| F|  |TAMS 0x0000000709c00000| PB 0x0000000709c00000| Untracked 
|  43|0x0000000709e00000, 0x0000000709e00000, 0x000000070a000000|  0%| F|  |TAMS 0x0000000709e00000| PB 0x0000000709e00000| Untracked 
|  44|0x000000070a000000, 0x000000070a000000, 0x000000070a200000|  0%| F|  |TAMS 0x000000070a000000| PB 0x000000070a000000| Untracked 
|  45|0x000000070a200000, 0x000000070a200000, 0x000000070a400000|  0%| F|  |TAMS 0x000000070a200000| PB 0x000000070a200000| Untracked 
|  46|0x000000070a400000, 0x000000070a400000, 0x000000070a600000|  0%| F|  |TAMS 0x000000070a400000| PB 0x000000070a400000| Untracked 
|  47|0x000000070a600000, 0x000000070a600000, 0x000000070a800000|  0%| F|  |TAMS 0x000000070a600000| PB 0x000000070a600000| Untracked 
|  48|0x000000070a800000, 0x000000070a800000, 0x000000070aa00000|  0%| F|  |TAMS 0x000000070a800000| PB 0x000000070a800000| Untracked 
|  49|0x000000070aa00000, 0x000000070aa00000, 0x000000070ac00000|  0%| F|  |TAMS 0x000000070aa00000| PB 0x000000070aa00000| Untracked 
|  50|0x000000070ac00000, 0x000000070ac00000, 0x000000070ae00000|  0%| F|  |TAMS 0x000000070ac00000| PB 0x000000070ac00000| Untracked 
|  51|0x000000070ae00000, 0x000000070ae00000, 0x000000070b000000|  0%| F|  |TAMS 0x000000070ae00000| PB 0x000000070ae00000| Untracked 
|  52|0x000000070b000000, 0x000000070b000000, 0x000000070b200000|  0%| F|  |TAMS 0x000000070b000000| PB 0x000000070b000000| Untracked 
|  53|0x000000070b200000, 0x000000070b200000, 0x000000070b400000|  0%| F|  |TAMS 0x000000070b200000| PB 0x000000070b200000| Untracked 
|  54|0x000000070b400000, 0x000000070b400000, 0x000000070b600000|  0%| F|  |TAMS 0x000000070b400000| PB 0x000000070b400000| Untracked 
|  55|0x000000070b600000, 0x000000070b600000, 0x000000070b800000|  0%| F|  |TAMS 0x000000070b600000| PB 0x000000070b600000| Untracked 
|  56|0x000000070b800000, 0x000000070b800000, 0x000000070ba00000|  0%| F|  |TAMS 0x000000070b800000| PB 0x000000070b800000| Untracked 
|  57|0x000000070ba00000, 0x000000070ba00000, 0x000000070bc00000|  0%| F|  |TAMS 0x000000070ba00000| PB 0x000000070ba00000| Untracked 
|  58|0x000000070bc00000, 0x000000070bc00000, 0x000000070be00000|  0%| F|  |TAMS 0x000000070bc00000| PB 0x000000070bc00000| Untracked 
|  59|0x000000070be00000, 0x000000070be00000, 0x000000070c000000|  0%| F|  |TAMS 0x000000070be00000| PB 0x000000070be00000| Untracked 
|  60|0x000000070c000000, 0x000000070c000000, 0x000000070c200000|  0%| F|  |TAMS 0x000000070c000000| PB 0x000000070c000000| Untracked 
|  61|0x000000070c200000, 0x000000070c200000, 0x000000070c400000|  0%| F|  |TAMS 0x000000070c200000| PB 0x000000070c200000| Untracked 
|  62|0x000000070c400000, 0x000000070c400000, 0x000000070c600000|  0%| F|  |TAMS 0x000000070c400000| PB 0x000000070c400000| Untracked 
|  63|0x000000070c600000, 0x000000070c600000, 0x000000070c800000|  0%| F|  |TAMS 0x000000070c600000| PB 0x000000070c600000| Untracked 
|  64|0x000000070c800000, 0x000000070c800000, 0x000000070ca00000|  0%| F|  |TAMS 0x000000070c800000| PB 0x000000070c800000| Untracked 
|  65|0x000000070ca00000, 0x000000070ca00000, 0x000000070cc00000|  0%| F|  |TAMS 0x000000070ca00000| PB 0x000000070ca00000| Untracked 
|  66|0x000000070cc00000, 0x000000070cc00000, 0x000000070ce00000|  0%| F|  |TAMS 0x000000070cc00000| PB 0x000000070cc00000| Untracked 
|  67|0x000000070ce00000, 0x000000070ce00000, 0x000000070d000000|  0%| F|  |TAMS 0x000000070ce00000| PB 0x000000070ce00000| Untracked 
|  68|0x000000070d000000, 0x000000070d000000, 0x000000070d200000|  0%| F|  |TAMS 0x000000070d000000| PB 0x000000070d000000| Untracked 
|  69|0x000000070d200000, 0x000000070d200000, 0x000000070d400000|  0%| F|  |TAMS 0x000000070d200000| PB 0x000000070d200000| Untracked 
|  70|0x000000070d400000, 0x000000070d400000, 0x000000070d600000|  0%| F|  |TAMS 0x000000070d400000| PB 0x000000070d400000| Untracked 
|  71|0x000000070d600000, 0x000000070d600000, 0x000000070d800000|  0%| F|  |TAMS 0x000000070d600000| PB 0x000000070d600000| Untracked 
|  72|0x000000070d800000, 0x000000070d800000, 0x000000070da00000|  0%| F|  |TAMS 0x000000070d800000| PB 0x000000070d800000| Untracked 
|  73|0x000000070da00000, 0x000000070da00000, 0x000000070dc00000|  0%| F|  |TAMS 0x000000070da00000| PB 0x000000070da00000| Untracked 
|  74|0x000000070dc00000, 0x000000070dc00000, 0x000000070de00000|  0%| F|  |TAMS 0x000000070dc00000| PB 0x000000070dc00000| Untracked 
|  75|0x000000070de00000, 0x000000070de00000, 0x000000070e000000|  0%| F|  |TAMS 0x000000070de00000| PB 0x000000070de00000| Untracked 
|  76|0x000000070e000000, 0x000000070e000000, 0x000000070e200000|  0%| F|  |TAMS 0x000000070e000000| PB 0x000000070e000000| Untracked 
|  77|0x000000070e200000, 0x000000070e200000, 0x000000070e400000|  0%| F|  |TAMS 0x000000070e200000| PB 0x000000070e200000| Untracked 
|  78|0x000000070e400000, 0x000000070e400000, 0x000000070e600000|  0%| F|  |TAMS 0x000000070e400000| PB 0x000000070e400000| Untracked 
|  79|0x000000070e600000, 0x000000070e600000, 0x000000070e800000|  0%| F|  |TAMS 0x000000070e600000| PB 0x000000070e600000| Untracked 
|  80|0x000000070e800000, 0x000000070e800000, 0x000000070ea00000|  0%| F|  |TAMS 0x000000070e800000| PB 0x000000070e800000| Untracked 
|  81|0x000000070ea00000, 0x000000070ea00000, 0x000000070ec00000|  0%| F|  |TAMS 0x000000070ea00000| PB 0x000000070ea00000| Untracked 
|  82|0x000000070ec00000, 0x000000070ec00000, 0x000000070ee00000|  0%| F|  |TAMS 0x000000070ec00000| PB 0x000000070ec00000| Untracked 
|  83|0x000000070ee00000, 0x000000070ee00000, 0x000000070f000000|  0%| F|  |TAMS 0x000000070ee00000| PB 0x000000070ee00000| Untracked 
|  84|0x000000070f000000, 0x000000070f000000, 0x000000070f200000|  0%| F|  |TAMS 0x000000070f000000| PB 0x000000070f000000| Untracked 
|  85|0x000000070f200000, 0x000000070f200000, 0x000000070f400000|  0%| F|  |TAMS 0x000000070f200000| PB 0x000000070f200000| Untracked 
|  86|0x000000070f400000, 0x000000070f400000, 0x000000070f600000|  0%| F|  |TAMS 0x000000070f400000| PB 0x000000070f400000| Untracked 
|  87|0x000000070f600000, 0x000000070f600000, 0x000000070f800000|  0%| F|  |TAMS 0x000000070f600000| PB 0x000000070f600000| Untracked 
|  88|0x000000070f800000, 0x000000070f800000, 0x000000070fa00000|  0%| F|  |TAMS 0x000000070f800000| PB 0x000000070f800000| Untracked 
|  89|0x000000070fa00000, 0x000000070fa00000, 0x000000070fc00000|  0%| F|  |TAMS 0x000000070fa00000| PB 0x000000070fa00000| Untracked 
|  90|0x000000070fc00000, 0x000000070fc00000, 0x000000070fe00000|  0%| F|  |TAMS 0x000000070fc00000| PB 0x000000070fc00000| Untracked 
|  91|0x000000070fe00000, 0x000000070fe00000, 0x0000000710000000|  0%| F|  |TAMS 0x000000070fe00000| PB 0x000000070fe00000| Untracked 
|  92|0x0000000710000000, 0x0000000710000000, 0x0000000710200000|  0%| F|  |TAMS 0x0000000710000000| PB 0x0000000710000000| Untracked 
|  93|0x0000000710200000, 0x0000000710200000, 0x0000000710400000|  0%| F|  |TAMS 0x0000000710200000| PB 0x0000000710200000| Untracked 
|  94|0x0000000710400000, 0x0000000710400000, 0x0000000710600000|  0%| F|  |TAMS 0x0000000710400000| PB 0x0000000710400000| Untracked 
|  95|0x0000000710600000, 0x0000000710600000, 0x0000000710800000|  0%| F|  |TAMS 0x0000000710600000| PB 0x0000000710600000| Untracked 
|  96|0x0000000710800000, 0x0000000710800000, 0x0000000710a00000|  0%| F|  |TAMS 0x0000000710800000| PB 0x0000000710800000| Untracked 
|  97|0x0000000710a00000, 0x0000000710a00000, 0x0000000710c00000|  0%| F|  |TAMS 0x0000000710a00000| PB 0x0000000710a00000| Untracked 
|  98|0x0000000710c00000, 0x0000000710c00000, 0x0000000710e00000|  0%| F|  |TAMS 0x0000000710c00000| PB 0x0000000710c00000| Untracked 
|  99|0x0000000710e00000, 0x0000000710e00000, 0x0000000711000000|  0%| F|  |TAMS 0x0000000710e00000| PB 0x0000000710e00000| Untracked 
| 100|0x0000000711000000, 0x0000000711000000, 0x0000000711200000|  0%| F|  |TAMS 0x0000000711000000| PB 0x0000000711000000| Untracked 
| 101|0x0000000711200000, 0x0000000711200000, 0x0000000711400000|  0%| F|  |TAMS 0x0000000711200000| PB 0x0000000711200000| Untracked 
| 102|0x0000000711400000, 0x0000000711400000, 0x0000000711600000|  0%| F|  |TAMS 0x0000000711400000| PB 0x0000000711400000| Untracked 
| 103|0x0000000711600000, 0x0000000711600000, 0x0000000711800000|  0%| F|  |TAMS 0x0000000711600000| PB 0x0000000711600000| Untracked 
| 104|0x0000000711800000, 0x0000000711800000, 0x0000000711a00000|  0%| F|  |TAMS 0x0000000711800000| PB 0x0000000711800000| Untracked 
| 105|0x0000000711a00000, 0x0000000711a00000, 0x0000000711c00000|  0%| F|  |TAMS 0x0000000711a00000| PB 0x0000000711a00000| Untracked 
| 106|0x0000000711c00000, 0x0000000711c00000, 0x0000000711e00000|  0%| F|  |TAMS 0x0000000711c00000| PB 0x0000000711c00000| Untracked 
| 107|0x0000000711e00000, 0x0000000711e00000, 0x0000000712000000|  0%| F|  |TAMS 0x0000000711e00000| PB 0x0000000711e00000| Untracked 
| 108|0x0000000712000000, 0x0000000712000000, 0x0000000712200000|  0%| F|  |TAMS 0x0000000712000000| PB 0x0000000712000000| Untracked 
| 109|0x0000000712200000, 0x0000000712200000, 0x0000000712400000|  0%| F|  |TAMS 0x0000000712200000| PB 0x0000000712200000| Untracked 
| 110|0x0000000712400000, 0x00000007125aa978, 0x0000000712600000| 83%| E|  |TAMS 0x0000000712400000| PB 0x0000000712400000| Complete 
| 111|0x0000000712600000, 0x0000000712800000, 0x0000000712800000|100%| E|CS|TAMS 0x0000000712600000| PB 0x0000000712600000| Complete 
| 112|0x0000000712800000, 0x0000000712a00000, 0x0000000712a00000|100%| E|CS|TAMS 0x0000000712800000| PB 0x0000000712800000| Complete 
| 113|0x0000000712a00000, 0x0000000712c00000, 0x0000000712c00000|100%| S|CS|TAMS 0x0000000712a00000| PB 0x0000000712a00000| Complete 
| 114|0x0000000712c00000, 0x0000000712e00000, 0x0000000712e00000|100%| S|CS|TAMS 0x0000000712c00000| PB 0x0000000712c00000| Complete 
| 115|0x0000000712e00000, 0x0000000713000000, 0x0000000713000000|100%| E|CS|TAMS 0x0000000712e00000| PB 0x0000000712e00000| Complete 
| 116|0x0000000713000000, 0x0000000713200000, 0x0000000713200000|100%| E|CS|TAMS 0x0000000713000000| PB 0x0000000713000000| Complete 
| 117|0x0000000713200000, 0x00000007133ffdf0, 0x0000000713400000| 99%| E|  |TAMS 0x0000000713200000| PB 0x0000000713200000| Complete 
| 118|0x0000000713400000, 0x0000000713600000, 0x0000000713600000|100%| E|CS|TAMS 0x0000000713400000| PB 0x0000000713400000| Complete 
| 119|0x0000000713600000, 0x0000000713800000, 0x0000000713800000|100%| E|CS|TAMS 0x0000000713600000| PB 0x0000000713600000| Complete 
| 120|0x0000000713800000, 0x0000000713a00000, 0x0000000713a00000|100%| E|CS|TAMS 0x0000000713800000| PB 0x0000000713800000| Complete 
| 121|0x0000000713a00000, 0x0000000713c00000, 0x0000000713c00000|100%| E|CS|TAMS 0x0000000713a00000| PB 0x0000000713a00000| Complete 
| 122|0x0000000713c00000, 0x0000000713e00000, 0x0000000713e00000|100%| E|CS|TAMS 0x0000000713c00000| PB 0x0000000713c00000| Complete 
| 123|0x0000000713e00000, 0x0000000714000000, 0x0000000714000000|100%| E|CS|TAMS 0x0000000713e00000| PB 0x0000000713e00000| Complete 
| 124|0x0000000714000000, 0x0000000714200000, 0x0000000714200000|100%| E|CS|TAMS 0x0000000714000000| PB 0x0000000714000000| Complete 
| 125|0x0000000714200000, 0x0000000714400000, 0x0000000714400000|100%| E|CS|TAMS 0x0000000714200000| PB 0x0000000714200000| Complete 

Card table byte_map: [0x000001e2426e0000,0x000001e242ec0000] _byte_map_base: 0x000001e23eebc000

Marking Bits: (CMBitMap*) 0x000001e228673770
 Bits: [0x000001e242ec0000, 0x000001e246da0000)

Polling page: 0x000001e2286d0000

Metaspace:

Usage:
  Non-class:     15.11 MB used.
      Class:      1.97 MB used.
       Both:     17.08 MB used.

Virtual space:
  Non-class space:       64.00 MB reserved,      15.31 MB ( 24%) committed,  1 nodes.
      Class space:        1.00 GB reserved,       2.12 MB ( <1%) committed,  1 nodes.
             Both:        1.06 GB reserved,      17.44 MB (  2%) committed. 

Chunk freelists:
   Non-Class:  208.00 KB
       Class:  13.91 MB
        Both:  14.12 MB

MaxMetaspaceSize: unlimited
CompressedClassSpaceSize: 1.00 GB
Initial GC threshold: 21.00 MB
Current GC threshold: 21.00 MB
CDS: on
 - commit_granule_bytes: 65536.
 - commit_granule_words: 8192.
 - virtual_space_node_default_size: 8388608.
 - enlarge_chunks_in_place: 1.
 - use_allocation_guard: 0.


Internal statistics:

num_allocs_failed_limit: 0.
num_arena_births: 418.
num_arena_deaths: 0.
num_vsnodes_births: 2.
num_vsnodes_deaths: 0.
num_space_committed: 279.
num_space_uncommitted: 0.
num_chunks_returned_to_freelist: 0.
num_chunks_taken_from_freelist: 877.
num_chunk_merges: 0.
num_chunk_splits: 534.
num_chunks_enlarged: 307.
num_inconsistent_stats: 0.

CodeHeap 'non-profiled nmethods': size=120000Kb used=791Kb max_used=791Kb free=119209Kb
 bounds [0x000001e239d40000, 0x000001e239fb0000, 0x000001e241270000]
CodeHeap 'profiled nmethods': size=120000Kb used=4296Kb max_used=4296Kb free=115703Kb
 bounds [0x000001e232270000, 0x000001e2326b0000, 0x000001e2397a0000]
CodeHeap 'non-nmethods': size=5760Kb used=1530Kb max_used=1548Kb free=4229Kb
 bounds [0x000001e2397a0000, 0x000001e239a10000, 0x000001e239d40000]
 total_blobs=2783 nmethods=2180 adapters=507
 compilation: enabled
              stopped_count=0, restarted_count=0
 full_count=0

Compilation events (20 events):
Event: 1.460 Thread 0x000001e249c20df0 2154       3       java.lang.invoke.MethodType::dropParameterTypes (162 bytes)
Event: 1.461 Thread 0x000001e249c20df0 nmethod 2154 0x000001e23268c110 code [0x000001e23268c420, 0x000001e23268d330]
Event: 1.461 Thread 0x000001e249c20df0 2155       3       java.lang.invoke.DirectMethodHandle::makeAllocator (137 bytes)
Event: 1.461 Thread 0x000001e249c20df0 nmethod 2155 0x000001e23268d810 code [0x000001e23268da20, 0x000001e23268deb8]
Event: 1.467 Thread 0x000001e249c20df0 2156       3       java.util.Collections$UnmodifiableCollection::contains (11 bytes)
Event: 1.467 Thread 0x000001e249c20df0 nmethod 2156 0x000001e23268e110 code [0x000001e23268e2c0, 0x000001e23268e4a0]
Event: 1.468 Thread 0x000001e249c20df0 2159       3       sun.invoke.util.VerifyAccess::isModuleAccessible (97 bytes)
Event: 1.469 Thread 0x000001e249c20df0 nmethod 2159 0x000001e23268e590 code [0x000001e23268e860, 0x000001e23268f530]
Event: 1.469 Thread 0x000001e249c20df0 2160       3       java.util.stream.AbstractPipeline::sourceSpliterator (265 bytes)
Event: 1.469 Thread 0x000001e249c20df0 nmethod 2160 0x000001e23268fa10 code [0x000001e23268fca0, 0x000001e232690a68]
Event: 1.471 Thread 0x000001e249c20df0 2161       3       java.lang.invoke.LambdaForm$MH/0x000001e24b098800::invoke (110 bytes)
Event: 1.472 Thread 0x000001e249c20df0 nmethod 2161 0x000001e232690f10 code [0x000001e232691160, 0x000001e232691f18]
Event: 1.472 Thread 0x000001e249c20df0 2162       3       java.lang.invoke.LambdaForm$MH/0x000001e24b098000::invoke (46 bytes)
Event: 1.472 Thread 0x000001e249c20df0 nmethod 2162 0x000001e232692290 code [0x000001e232692480, 0x000001e232692a80]
Event: 1.475 Thread 0x000001e249c1ae40 nmethod 2146 0x000001e239e02e10 code [0x000001e239e030e0, 0x000001e239e046e0]
Event: 1.475 Thread 0x000001e249c1ae40 2147       4       java.util.concurrent.ConcurrentHashMap::spread (10 bytes)
Event: 1.475 Thread 0x000001e249c1ae40 nmethod 2147 0x000001e239e05310 code [0x000001e239e05480, 0x000001e239e054f8]
Event: 1.475 Thread 0x000001e249c1ae40 2151       4       java.nio.Buffer::hasRemaining (17 bytes)
Event: 1.476 Thread 0x000001e249c1ae40 nmethod 2151 0x000001e239e05610 code [0x000001e239e057a0, 0x000001e239e05840]
Event: 1.476 Thread 0x000001e249c1ae40 2152       4       java.nio.Buffer::nextGetIndex (30 bytes)

GC Heap History (2 events):
Event: 0.671 GC heap before
{Heap before GC invocations=0 (full 0):
 garbage-first heap   total 258048K, used 22528K [0x0000000704800000, 0x0000000800000000)
  region size 2048K, 11 young (22528K), 0 survivors (0K)
 Metaspace       used 7040K, committed 7296K, reserved 1114112K
  class space    used 758K, committed 896K, reserved 1048576K
}
Event: 0.676 GC heap after
{Heap after GC invocations=1 (full 0):
 garbage-first heap   total 258048K, used 5616K [0x0000000704800000, 0x0000000800000000)
  region size 2048K, 2 young (4096K), 2 survivors (4096K)
 Metaspace       used 7040K, committed 7296K, reserved 1114112K
  class space    used 758K, committed 896K, reserved 1048576K
}

Dll operation events (11 events):
Event: 0.007 Loaded shared library C:\Program Files\Java\jdk-21\bin\java.dll
Event: 0.037 Loaded shared library C:\Program Files\Java\jdk-21\bin\jsvml.dll
Event: 0.057 Loaded shared library C:\Program Files\Java\jdk-21\bin\net.dll
Event: 0.059 Loaded shared library C:\Program Files\Java\jdk-21\bin\nio.dll
Event: 0.061 Loaded shared library C:\Program Files\Java\jdk-21\bin\zip.dll
Event: 0.109 Loaded shared library C:\Program Files\Java\jdk-21\bin\management.dll
Event: 0.116 Loaded shared library C:\Program Files\Java\jdk-21\bin\management_ext.dll
Event: 0.133 Loaded shared library C:\Program Files\Java\jdk-21\bin\jimage.dll
Event: 0.326 Loaded shared library C:\Program Files\Java\jdk-21\bin\verify.dll
Event: 0.911 Loaded shared library C:\Program Files\Java\jdk-21\bin\extnet.dll
Event: 1.341 Loaded shared library C:\Program Files\Java\jdk-21\bin\sunmscapi.dll

Deoptimization events (20 events):
Event: 1.399 Thread 0x000001e22860f940 Uncommon trap: trap_request=0xffffffc6 fr.pc=0x000001e239dc56dc relative=0x00000000000005fc
Event: 1.399 Thread 0x000001e22860f940 Uncommon trap: reason=bimorphic_or_optimized_type_check action=maybe_recompile pc=0x000001e239dc56dc method=java.util.regex.Pattern$BmpCharPropertyGreedy.match(Ljava/util/regex/Matcher;ILjava/lang/CharSequence;)Z @ 26 c2
Event: 1.399 Thread 0x000001e22860f940 DEOPT PACKING pc=0x000001e239dc56dc sp=0x000000734b3fd220
Event: 1.399 Thread 0x000001e22860f940 DEOPT UNPACKING pc=0x000001e2397f46a2 sp=0x000000734b3fd1f8 mode 2
Event: 1.448 Thread 0x000001e22860f940 Uncommon trap: trap_request=0xffffff45 fr.pc=0x000001e239dbacbc relative=0x000000000000167c
Event: 1.448 Thread 0x000001e22860f940 Uncommon trap: reason=unstable_if action=reinterpret pc=0x000001e239dbacbc method=java.util.concurrent.ConcurrentHashMap.transfer([Ljava/util/concurrent/ConcurrentHashMap$Node;[Ljava/util/concurrent/ConcurrentHashMap$Node;)V @ 26 c2
Event: 1.448 Thread 0x000001e22860f940 DEOPT PACKING pc=0x000001e239dbacbc sp=0x000000734b3fd6a0
Event: 1.448 Thread 0x000001e22860f940 DEOPT UNPACKING pc=0x000001e2397f46a2 sp=0x000000734b3fd610 mode 2
Event: 1.449 Thread 0x000001e22860f940 Uncommon trap: trap_request=0xffffff45 fr.pc=0x000001e239dbdac4 relative=0x0000000000000284
Event: 1.449 Thread 0x000001e22860f940 Uncommon trap: reason=unstable_if action=reinterpret pc=0x000001e239dbdac4 method=java.util.concurrent.ConcurrentHashMap.get(Ljava/lang/Object;)Ljava/lang/Object; @ 86 c2
Event: 1.449 Thread 0x000001e22860f940 DEOPT PACKING pc=0x000001e239dbdac4 sp=0x000000734b3fe600
Event: 1.449 Thread 0x000001e22860f940 DEOPT UNPACKING pc=0x000001e2397f46a2 sp=0x000000734b3fe578 mode 2
Event: 1.455 Thread 0x000001e22860f940 Uncommon trap: trap_request=0xffffff45 fr.pc=0x000001e239db3f14 relative=0x00000000000000f4
Event: 1.455 Thread 0x000001e22860f940 Uncommon trap: reason=unstable_if action=reinterpret pc=0x000001e239db3f14 method=java.util.HashMap.hash(Ljava/lang/Object;)I @ 1 c2
Event: 1.455 Thread 0x000001e22860f940 DEOPT PACKING pc=0x000001e239db3f14 sp=0x000000734b3fe970
Event: 1.455 Thread 0x000001e22860f940 DEOPT UNPACKING pc=0x000001e2397f46a2 sp=0x000000734b3fe898 mode 2
Event: 1.468 Thread 0x000001e22860f940 Uncommon trap: trap_request=0xffffff45 fr.pc=0x000001e239dcaba4 relative=0x0000000000000264
Event: 1.468 Thread 0x000001e22860f940 Uncommon trap: reason=unstable_if action=reinterpret pc=0x000001e239dcaba4 method=java.util.HashMap.hash(Ljava/lang/Object;)I @ 1 c2
Event: 1.468 Thread 0x000001e22860f940 DEOPT PACKING pc=0x000001e239dcaba4 sp=0x000000734b3fe230
Event: 1.468 Thread 0x000001e22860f940 DEOPT UNPACKING pc=0x000001e2397f46a2 sp=0x000000734b3fe128 mode 2

Classes loaded (20 events):
Event: 1.445 Loading class java/util/TreeMap$EntrySpliterator
Event: 1.445 Loading class java/util/TreeMap$EntrySpliterator done
Event: 1.445 Loading class java/util/stream/SortedOps$SizedRefSortingSink
Event: 1.445 Loading class java/util/stream/SortedOps$AbstractRefSortingSink
Event: 1.445 Loading class java/util/stream/SortedOps$AbstractRefSortingSink done
Event: 1.446 Loading class java/util/stream/SortedOps$SizedRefSortingSink done
Event: 1.446 Loading class java/lang/invoke/WrongMethodTypeException
Event: 1.446 Loading class java/lang/invoke/WrongMethodTypeException done
Event: 1.452 Loading class java/io/PrintWriter
Event: 1.452 Loading class java/io/PrintWriter done
Event: 1.452 Loading class java/io/PrintWriter$1
Event: 1.452 Loading class jdk/internal/access/JavaIOPrintWriterAccess
Event: 1.452 Loading class jdk/internal/access/JavaIOPrintWriterAccess done
Event: 1.452 Loading class java/io/PrintWriter$1 done
Event: 1.452 Loading class java/lang/Throwable$WrappedPrintWriter
Event: 1.452 Loading class java/lang/Throwable$PrintStreamOrWriter
Event: 1.452 Loading class java/lang/Throwable$PrintStreamOrWriter done
Event: 1.452 Loading class java/lang/Throwable$WrappedPrintWriter done
Event: 1.474 Loading class java/lang/reflect/Executable$ParameterData
Event: 1.474 Loading class java/lang/reflect/Executable$ParameterData done

Classes unloaded (0 events):
No events

Classes redefined (0 events):
No events

Internal exceptions (20 events):
Event: 1.210 Thread 0x000001e22860f940 Exception <a 'java/lang/NoSuchMethodError'{0x00000007135c76f0}: 'int java.lang.invoke.DirectMethodHandle$Holder.invokeStaticInit(java.lang.Object, long, long)'> (0x00000007135c76f0) 
thrown [s\open\src\hotspot\share\interpreter\linkResolver.cpp, line 773]
Event: 1.210 Thread 0x000001e22860f940 Exception <a 'java/lang/NoSuchMethodError'{0x00000007135ce2b8}: 'int java.lang.invoke.DirectMethodHandle$Holder.invokeStaticInit(java.lang.Object, float, float)'> (0x00000007135ce2b8) 
thrown [s\open\src\hotspot\share\interpreter\linkResolver.cpp, line 773]
Event: 1.210 Thread 0x000001e22860f940 Exception <a 'java/lang/NoSuchMethodError'{0x00000007135d4e78}: 'int java.lang.invoke.DirectMethodHandle$Holder.invokeStaticInit(java.lang.Object, double, double)'> (0x00000007135d4e78) 
thrown [s\open\src\hotspot\share\interpreter\linkResolver.cpp, line 773]
Event: 1.210 Thread 0x000001e22860f940 Exception <a 'java/lang/NoSuchMethodError'{0x00000007135d94c8}: 'int java.lang.invoke.DirectMethodHandle$Holder.invokeStatic(java.lang.Object, long)'> (0x00000007135d94c8) 
thrown [s\open\src\hotspot\share\interpreter\linkResolver.cpp, line 773]
Event: 1.212 Thread 0x000001e22860f940 Exception <a 'java/lang/NoSuchMethodError'{0x00000007135ecf28}: 'int java.lang.invoke.DirectMethodHandle$Holder.invokeSpecial(java.lang.Object, java.lang.Object, java.lang.Object, java.lang.Object)'> (0x00000007135ecf28) 
thrown [s\open\src\hotspot\share\interpreter\linkResolver.cpp, line 773]
Event: 1.212 Thread 0x000001e22860f940 Exception <a 'java/lang/NoSuchMethodError'{0x00000007135fdb58}: 'java.lang.Object java.lang.invoke.DirectMethodHandle$Holder.invokeStatic(java.lang.Object, int, java.lang.Object, java.lang.Object)'> (0x00000007135fdb58) 
thrown [s\open\src\hotspot\share\interpreter\linkResolver.cpp, line 773]
Event: 1.212 Thread 0x000001e22860f940 Exception <a 'java/lang/NoSuchMethodError'{0x00000007132020b8}: 'java.lang.Object java.lang.invoke.DirectMethodHandle$Holder.invokeSpecial(java.lang.Object, java.lang.Object, int, java.lang.Object, java.lang.Object)'> (0x00000007132020b8) 
thrown [s\open\src\hotspot\share\interpreter\linkResolver.cpp, line 773]
Event: 1.213 Thread 0x000001e22860f940 Exception <a 'java/lang/NoSuchMethodError'{0x0000000713205ae8}: 'java.lang.Object java.lang.invoke.DelegatingMethodHandle$Holder.delegate(java.lang.Object, int, java.lang.Object, java.lang.Object)'> (0x0000000713205ae8) 
thrown [s\open\src\hotspot\share\interpreter\linkResolver.cpp, line 773]
Event: 1.215 Thread 0x000001e22860f940 Exception <a 'java/lang/NoSuchMethodError'{0x0000000713215058}: 'int java.lang.invoke.Invokers$Holder.linkToTargetMethod(java.lang.Object, java.lang.Object, java.lang.Object)'> (0x0000000713215058) 
thrown [s\open\src\hotspot\share\interpreter\linkResolver.cpp, line 773]
Event: 1.218 Thread 0x000001e22860f940 Exception <a 'java/lang/NoSuchMethodError'{0x0000000713223dd0}: 'long java.lang.invoke.DirectMethodHandle$Holder.invokeSpecial(java.lang.Object, java.lang.Object)'> (0x0000000713223dd0) 
thrown [s\open\src\hotspot\share\interpreter\linkResolver.cpp, line 773]
Event: 1.245 Thread 0x000001e22860f940 Exception <a 'sun/nio/fs/WindowsException'{0x00000007132f3fc8}> (0x00000007132f3fc8) 
thrown [s\open\src\hotspot\share\prims\jni.cpp, line 520]
Event: 1.396 Thread 0x000001e22860f940 Exception <a 'java/lang/NoSuchMethodError'{0x0000000712690ec0}: 'java.lang.Object java.lang.invoke.DirectMethodHandle$Holder.invokeInterface(java.lang.Object, java.lang.Object, java.lang.Object)'> (0x0000000712690ec0) 
thrown [s\open\src\hotspot\share\interpreter\linkResolver.cpp, line 773]
Event: 1.397 Thread 0x000001e22860f940 Exception <a 'java/lang/IncompatibleClassChangeError'{0x00000007126942a8}: Found class java.lang.Object, but interface was expected> (0x00000007126942a8) 
thrown [s\open\src\hotspot\share\interpreter\linkResolver.cpp, line 840]
Event: 1.399 Thread 0x000001e22860f940 Exception <a 'java/lang/NoSuchMethodError'{0x000000071269b768}: 'int java.lang.invoke.DirectMethodHandle$Holder.invokeSpecialIFC(java.lang.Object, java.lang.Object, java.lang.Object, java.lang.Object)'> (0x000000071269b768) 
thrown [s\open\src\hotspot\share\interpreter\linkResolver.cpp, line 773]
Event: 1.404 Thread 0x000001e22860f940 Exception <a 'java/lang/NoSuchMethodError'{0x00000007126fc870}: 'java.lang.Object java.lang.invoke.DirectMethodHandle$Holder.invokeVirtual(java.lang.Object, java.lang.Object, java.lang.Object, java.lang.Object)'> (0x00000007126fc870) 
thrown [s\open\src\hotspot\share\interpreter\linkResolver.cpp, line 773]
Event: 1.423 Thread 0x000001e28fd6bf70 Exception <a 'java/net/ConnectException'{0x0000000712799520}: Connection refused: getsockopt> (0x0000000712799520) 
thrown [s\open\src\hotspot\share\prims\jni.cpp, line 539]
Event: 1.435 Thread 0x000001e28fd6bf70 Exception <a 'java/net/ConnectException'{0x000000071279a640}: Connection refused: getsockopt> (0x000000071279a640) 
thrown [s\open\src\hotspot\share\prims\jni.cpp, line 539]
Event: 1.455 Thread 0x000001e22860f940 Implicit null exception at 0x000001e239db3e66 to 0x000001e239db3f0a
Event: 1.467 Thread 0x000001e22860f940 Exception <a 'java/lang/NoSuchMethodError'{0x00000007124ab4b0}: 'void java.lang.invoke.DirectMethodHandle$Holder.invokeInterface(java.lang.Object, java.lang.Object)'> (0x00000007124ab4b0) 
thrown [s\open\src\hotspot\share\interpreter\linkResolver.cpp, line 773]
Event: 1.468 Thread 0x000001e22860f940 Implicit null exception at 0x000001e239dca999 to 0x000001e239dcab88

ZGC Phase Switch (0 events):
No events

VM Operations (20 events):
Event: 0.648 Executing VM operation: HandshakeAllThreads (Deoptimize)
Event: 0.648 Executing VM operation: HandshakeAllThreads (Deoptimize) done
Event: 0.671 Executing VM operation: G1CollectForAllocation (G1 Evacuation Pause)
Event: 0.676 Executing VM operation: G1CollectForAllocation (G1 Evacuation Pause) done
Event: 0.687 Executing VM operation: HandshakeAllThreads (Deoptimize)
Event: 0.687 Executing VM operation: HandshakeAllThreads (Deoptimize) done
Event: 0.942 Executing VM operation: HandshakeAllThreads (Deoptimize)
Event: 0.942 Executing VM operation: HandshakeAllThreads (Deoptimize) done
Event: 1.206 Executing VM operation: HandshakeAllThreads (Deoptimize)
Event: 1.206 Executing VM operation: HandshakeAllThreads (Deoptimize) done
Event: 1.223 Executing VM operation: HandshakeAllThreads (Deoptimize)
Event: 1.223 Executing VM operation: HandshakeAllThreads (Deoptimize) done
Event: 1.235 Executing VM operation: ICBufferFull
Event: 1.235 Executing VM operation: ICBufferFull done
Event: 1.236 Executing VM operation: HandshakeAllThreads (Deoptimize)
Event: 1.236 Executing VM operation: HandshakeAllThreads (Deoptimize) done
Event: 1.245 Executing VM operation: HandshakeAllThreads (Deoptimize)
Event: 1.245 Executing VM operation: HandshakeAllThreads (Deoptimize) done
Event: 1.286 Executing VM operation: HandshakeAllThreads (Deoptimize)
Event: 1.286 Executing VM operation: HandshakeAllThreads (Deoptimize) done

Events (20 events):
Event: 0.035 Thread 0x000001e249c20df0 Thread added: 0x000001e249c20df0
Event: 0.053 Thread 0x000001e249dd4f00 Thread added: 0x000001e249dd4f00
Event: 0.054 Thread 0x000001e249dd6970 Thread added: 0x000001e249dd6970
Event: 0.196 Thread 0x000001e249ed5380 Thread added: 0x000001e249ed5380
Event: 0.209 Thread 0x000001e249c0a2c0 Thread added: 0x000001e249c0a2c0
Event: 0.375 Thread 0x000001e28f48d7d0 Thread added: 0x000001e28f48d7d0
Event: 0.661 Thread 0x000001e28f8c3be0 Thread added: 0x000001e28f8c3be0
Event: 0.661 Thread 0x000001e28f8c4250 Thread added: 0x000001e28f8c4250
Event: 0.812 Thread 0x000001e28fa0e0e0 Thread added: 0x000001e28fa0e0e0
Event: 0.966 Thread 0x000001e28fc11610 Thread added: 0x000001e28fc11610
Event: 1.151 Thread 0x000001e28f48d7d0 Thread exited: 0x000001e28f48d7d0
Event: 1.151 Thread 0x000001e28fa0e0e0 Thread exited: 0x000001e28fa0e0e0
Event: 1.152 Thread 0x000001e28fc11610 Thread exited: 0x000001e28fc11610
Event: 1.227 Thread 0x000001e28faf4b30 Thread added: 0x000001e28faf4b30
Event: 1.369 Thread 0x000001e28fe918e0 Thread added: 0x000001e28fe918e0
Event: 1.410 Thread 0x000001e28fd6e040 Thread added: 0x000001e28fd6e040
Event: 1.411 Thread 0x000001e28fd6b8e0 Thread added: 0x000001e28fd6b8e0
Event: 1.412 Thread 0x000001e28fd6b250 Thread added: 0x000001e28fd6b250
Event: 1.416 Thread 0x000001e28fd6bf70 Thread added: 0x000001e28fd6bf70
Event: 1.429 Thread 0x000001e28fd6e040 Thread exited: 0x000001e28fd6e040


Dynamic libraries:
0x00007ff765de0000 - 0x00007ff765df0000 	C:\Program Files\Java\jdk-21\bin\java.exe
0x00007fffdcb90000 - 0x00007fffdcda6000 	C:\windows\SYSTEM32\ntdll.dll
0x00007fffdc5d0000 - 0x00007fffdc694000 	C:\windows\System32\KERNEL32.DLL
0x00007fffda0c0000 - 0x00007fffda467000 	C:\windows\System32\KERNELBASE.dll
0x00007fffda4f0000 - 0x00007fffda601000 	C:\windows\System32\ucrtbase.dll
0x00007fffd6bf0000 - 0x00007fffd6c0b000 	C:\Program Files\Java\jdk-21\bin\VCRUNTIME140.dll
0x00007fffca610000 - 0x00007fffca629000 	C:\Program Files\Java\jdk-21\bin\jli.dll
0x00007fffdc720000 - 0x00007fffdc7d2000 	C:\windows\System32\ADVAPI32.dll
0x00007fffdba90000 - 0x00007fffdbb37000 	C:\windows\System32\msvcrt.dll
0x00007fffda9c0000 - 0x00007fffdaa68000 	C:\windows\System32\sechost.dll
0x00007fffda090000 - 0x00007fffda0b8000 	C:\windows\System32\bcrypt.dll
0x00007fffdb910000 - 0x00007fffdba25000 	C:\windows\System32\RPCRT4.dll
0x00007fffdc1a0000 - 0x00007fffdc34e000 	C:\windows\System32\USER32.dll
0x00007fffda610000 - 0x00007fffda636000 	C:\windows\System32\win32u.dll
0x00007fffdc0c0000 - 0x00007fffdc0e9000 	C:\windows\System32\GDI32.dll
0x00007fffd9f70000 - 0x00007fffda089000 	C:\windows\System32\gdi32full.dll
0x00007fffbc750000 - 0x00007fffbc9e3000 	C:\windows\WinSxS\amd64_microsoft.windows.common-controls_6595b64144ccf1df_6.0.22621.3235_none_270f74e173860f98\COMCTL32.dll
0x00007fffda820000 - 0x00007fffda8ba000 	C:\windows\System32\msvcp_win.dll
0x00007fffcb3c0000 - 0x00007fffcb3ca000 	C:\windows\SYSTEM32\VERSION.dll
0x00007fffdc6d0000 - 0x00007fffdc701000 	C:\windows\System32\IMM32.DLL
0x00007fffd0b20000 - 0x00007fffd0b2c000 	C:\Program Files\Java\jdk-21\bin\vcruntime140_1.dll
0x00007fffb8ff0000 - 0x00007fffb907e000 	C:\Program Files\Java\jdk-21\bin\msvcp140.dll
0x00007fff1a0f0000 - 0x00007fff1ae07000 	C:\Program Files\Java\jdk-21\bin\server\jvm.dll
0x00007fffdb800000 - 0x00007fffdb871000 	C:\windows\System32\WS2_32.dll
0x00007fffd9bd0000 - 0x00007fffd9c1d000 	C:\windows\SYSTEM32\POWRPROF.dll
0x00007fffd0ae0000 - 0x00007fffd0b14000 	C:\windows\SYSTEM32\WINMM.dll
0x00007fffd9bb0000 - 0x00007fffd9bc3000 	C:\windows\SYSTEM32\UMPDC.dll
0x00007fffd8eb0000 - 0x00007fffd8ec8000 	C:\windows\SYSTEM32\kernel.appcore.dll
0x00007fffc8940000 - 0x00007fffc894a000 	C:\Program Files\Java\jdk-21\bin\jimage.dll
0x00007fffd7710000 - 0x00007fffd7943000 	C:\windows\SYSTEM32\DBGHELP.DLL
0x00007fffdbb50000 - 0x00007fffdbed8000 	C:\windows\System32\combase.dll
0x00007fffdbee0000 - 0x00007fffdbfb7000 	C:\windows\System32\OLEAUT32.dll
0x00007fffabcd0000 - 0x00007fffabd02000 	C:\windows\SYSTEM32\dbgcore.DLL
0x00007fffda470000 - 0x00007fffda4e9000 	C:\windows\System32\bcryptPrimitives.dll
0x00007fffbab20000 - 0x00007fffbab3f000 	C:\Program Files\Java\jdk-21\bin\java.dll
0x00007fffdab20000 - 0x00007fffdb37c000 	C:\windows\System32\SHELL32.dll
0x00007fffd7dc0000 - 0x00007fffd86b9000 	C:\windows\SYSTEM32\windows.storage.dll
0x00007fffd7c80000 - 0x00007fffd7dbe000 	C:\windows\SYSTEM32\wintypes.dll
0x00007fffdbfc0000 - 0x00007fffdc0b3000 	C:\windows\System32\SHCORE.dll
0x00007fffdc140000 - 0x00007fffdc19e000 	C:\windows\System32\shlwapi.dll
0x00007fffd9de0000 - 0x00007fffd9e01000 	C:\windows\SYSTEM32\profapi.dll
0x00007fff89a20000 - 0x00007fff89af7000 	C:\Program Files\Java\jdk-21\bin\jsvml.dll
0x00007fffc8930000 - 0x00007fffc8940000 	C:\Program Files\Java\jdk-21\bin\net.dll
0x00007fffd3850000 - 0x00007fffd3986000 	C:\windows\SYSTEM32\WINHTTP.dll
0x00007fffd9310000 - 0x00007fffd9379000 	C:\windows\system32\mswsock.dll
0x00007fffba4e0000 - 0x00007fffba4f6000 	C:\Program Files\Java\jdk-21\bin\nio.dll
0x00007fffba180000 - 0x00007fffba198000 	C:\Program Files\Java\jdk-21\bin\zip.dll
0x00007fffd4780000 - 0x00007fffd478a000 	C:\Program Files\Java\jdk-21\bin\management.dll
0x00007fffd4770000 - 0x00007fffd477b000 	C:\Program Files\Java\jdk-21\bin\management_ext.dll
0x00007fffdc460000 - 0x00007fffdc468000 	C:\windows\System32\PSAPI.DLL
0x00007fffbab10000 - 0x00007fffbab20000 	C:\Program Files\Java\jdk-21\bin\verify.dll
0x00007fffd9600000 - 0x00007fffd961b000 	C:\windows\SYSTEM32\CRYPTSP.dll
0x00007fffd8e10000 - 0x00007fffd8e45000 	C:\windows\system32\rsaenh.dll
0x00007fffd93b0000 - 0x00007fffd93d8000 	C:\windows\SYSTEM32\USERENV.dll
0x00007fffd9510000 - 0x00007fffd951c000 	C:\windows\SYSTEM32\CRYPTBASE.dll
0x00007fffd8920000 - 0x00007fffd894d000 	C:\windows\SYSTEM32\IPHLPAPI.DLL
0x00007fffdbb40000 - 0x00007fffdbb49000 	C:\windows\System32\NSI.dll
0x00007fffba150000 - 0x00007fffba159000 	C:\Program Files\Java\jdk-21\bin\extnet.dll
0x00007fffd8990000 - 0x00007fffd8a89000 	C:\windows\SYSTEM32\DNSAPI.dll
0x0000000055280000 - 0x00000000552b5000 	C:\Program Files\Bonjour\mdnsNSP.dll
0x00007fffcd3e0000 - 0x00007fffcd3ea000 	C:\Windows\System32\rasadhlp.dll
0x00007fffcf570000 - 0x00007fffcf5f3000 	C:\windows\System32\fwpuclnt.dll
0x00007fffba8d0000 - 0x00007fffba8de000 	C:\Program Files\Java\jdk-21\bin\sunmscapi.dll
0x00007fffda640000 - 0x00007fffda7a7000 	C:\windows\System32\CRYPT32.dll
0x00007fffd9780000 - 0x00007fffd97ae000 	C:\windows\SYSTEM32\ncrypt.dll
0x00007fffd9740000 - 0x00007fffd9777000 	C:\windows\SYSTEM32\NTASN1.dll
0x00007fff962d0000 - 0x00007fff962d8000 	C:\windows\system32\wshunix.dll
0x00007fffa6d30000 - 0x00007fffa6d47000 	C:\windows\system32\napinsp.dll
0x00007fffa6b90000 - 0x00007fffa6bab000 	C:\windows\system32\pnrpnsp.dll
0x00007fffa6b70000 - 0x00007fffa6b81000 	C:\windows\System32\winrnr.dll
0x00007fffd0a50000 - 0x00007fffd0a65000 	C:\windows\system32\wshbth.dll
0x00007fffa6b40000 - 0x00007fffa6b61000 	C:\windows\system32\nlansp_c.dll

dbghelp: loaded successfully - version: 4.0.5 - missing functions: none
symbol engine: initialized successfully - sym options: 0x614 - pdb path: .;C:\Program Files\Java\jdk-21\bin;C:\windows\SYSTEM32;C:\windows\WinSxS\amd64_microsoft.windows.common-controls_6595b64144ccf1df_6.0.22621.3235_none_270f74e173860f98;C:\Program Files\Java\jdk-21\bin\server;C:\Program Files\Bonjour

VM Arguments:
java_command: C:\Users\shank\AppData\Local\Temp\surefire14938906442751802816\surefirebooter-20240509133225480_3.jar C:\Users\shank\AppData\Local\Temp\surefire14938906442751802816 2024-05-09T13-32-25_344-jvmRun1 surefire-20240509133225480_1tmp surefire_0-20240509133225480_2tmp
java_class_path (initial): C:\Users\shank\AppData\Local\Temp\surefire14938906442751802816\surefirebooter-20240509133225480_3.jar
Launcher Type: SUN_STANDARD

[Global flags]
     intx CICompilerCount                          = 4                                         {product} {ergonomic}
     uint ConcGCThreads                            = 3                                         {product} {ergonomic}
     uint G1ConcRefinementThreads                  = 10                                        {product} {ergonomic}
   size_t G1HeapRegionSize                         = 2097152                                   {product} {ergonomic}
    uintx GCDrainStackTargetSize                   = 64                                        {product} {ergonomic}
   size_t InitialHeapSize                          = 264241152                                 {product} {ergonomic}
   size_t MarkStackSize                            = 4194304                                   {product} {ergonomic}
   size_t MaxHeapSize                              = 4219469824                                {product} {ergonomic}
   size_t MaxNewSize                               = 2531262464                                {product} {ergonomic}
   size_t MinHeapDeltaBytes                        = 2097152                                   {product} {ergonomic}
   size_t MinHeapSize                              = 8388608                                   {product} {ergonomic}
    uintx NonNMethodCodeHeapSize                   = 5839372                                {pd product} {ergonomic}
    uintx NonProfiledCodeHeapSize                  = 122909434                              {pd product} {ergonomic}
    uintx ProfiledCodeHeapSize                     = 122909434                              {pd product} {ergonomic}
    uintx ReservedCodeCacheSize                    = 251658240                              {pd product} {ergonomic}
     bool SegmentedCodeCache                       = true                                      {product} {ergonomic}
   size_t SoftMaxHeapSize                          = 4219469824                             {manageable} {ergonomic}
     bool UseCompressedOops                        = true                           {product lp64_product} {ergonomic}
     bool UseG1GC                                  = true                                      {product} {ergonomic}
     bool UseLargePagesIndividualAllocation        = false                                  {pd product} {ergonomic}

Logging:
Log output configuration:
 #0: stdout all=warning uptime,level,tags foldmultilines=false
 #1: stderr all=off uptime,level,tags foldmultilines=false

Environment Variables:
JAVA_HOME=C:\Program Files\Java\jdk-21
PATH=C:\Users\shank\.jenkins\tools\hudson.tasks.Maven_MavenInstallation\MAVEN_HOME/bin;C:\Program Files\Java\jdk-21/bin;C:\Program Files\Java\jdk-21/bin;C:\Program Files\Common Files\Oracle\Java\javapath;C:\windows\system32;C:\windows;C:\windows\System32\Wbem;C:\windows\System32\WindowsPowerShell\v1.0\;C:\windows\System32\OpenSSH\;C:\Program Files\MySQL\MySQL Server 8.0\bin;C:\Program Files\MySQL\MySQL Server 8.0\bin;C:\Program Files\HP\HP One Agent;C:\SOFTWARE TESTING\apache-maven-3.9.6-bin\apache-maven-3.9.6\bin;C:\Program Files\Java\jdk-21;C:\SOFTWARE TESTING\apache-maven-3.9.6-bin\apache-maven-3.9.6\bin;C:\Program Files\Git\cmd;C:\Program Files\nodejs\;%ANDROID_HOME%\platform-tools;%ANDROID_HOME%\tools;%ANDROID_HOME%\tools\bin;C:\Program Files\MySQL\MySQL Shell 8.0\bin\;C:\Users\shank\AppData\Local\Microsoft\WindowsApps;C:\Users\shank\AppData\Local\Programs\Microsoft VS Code\bin;C:\Program Files\MySQL\MySQL Server 8.0\bin;C:\Users\shank\AppData\Roaming\npm
USERNAME=shank
OS=Windows_NT
PROCESSOR_IDENTIFIER=Intel64 Family 6 Model 186 Stepping 3, GenuineIntel
TMP=C:\Users\shank\AppData\Local\Temp
TEMP=C:\Users\shank\AppData\Local\Temp




Periodic native trim disabled

---------------  S Y S T E M  ---------------

OS:
 Windows 11 , 64 bit Build 22621 (10.0.22621.3374)
OS uptime: 0 days 0:40 hours
Hyper-V role detected

CPU: total 12 (initial active 12) (6 cores per cpu, 2 threads per core) family 6 model 186 stepping 3 microcode 0x410e, cx8, cmov, fxsr, ht, mmx, 3dnowpref, sse, sse2, sse3, ssse3, sse4.1, sse4.2, popcnt, lzcnt, tsc, tscinvbit, avx, avx2, aes, erms, clmul, bmi1, bmi2, adx, sha, fma, vzeroupper, clflush, clflushopt, clwb, hv, serialize, rdtscp, rdpid, fsrm, f16c, cet_ibt, cet_ss
Processor Information for processor 0
  Max Mhz: 1300, Current Mhz: 1300, Mhz Limit: 1300
Processor Information for processor 1
  Max Mhz: 1300, Current Mhz: 1300, Mhz Limit: 1300
Processor Information for processor 2
  Max Mhz: 1300, Current Mhz: 1300, Mhz Limit: 1300
Processor Information for processor 3
  Max Mhz: 1300, Current Mhz: 1300, Mhz Limit: 1300
Processor Information for processor 4
  Max Mhz: 1300, Current Mhz: 900, Mhz Limit: 897
Processor Information for processor 5
  Max Mhz: 1300, Current Mhz: 900, Mhz Limit: 897
Processor Information for processor 6
  Max Mhz: 1300, Current Mhz: 900, Mhz Limit: 897
Processor Information for processor 7
  Max Mhz: 1300, Current Mhz: 900, Mhz Limit: 897
Processor Information for processor 8
  Max Mhz: 1300, Current Mhz: 900, Mhz Limit: 897
Processor Information for processor 9
  Max Mhz: 1300, Current Mhz: 900, Mhz Limit: 897
Processor Information for processor 10
  Max Mhz: 1300, Current Mhz: 900, Mhz Limit: 897
Processor Information for processor 11
  Max Mhz: 1300, Current Mhz: 900, Mhz Limit: 897

Memory: 4k page, system-wide physical 16095M (2321M free)
TotalPageFile size 16095M (AvailPageFile size 3M)
current process WorkingSet (physical memory assigned to process): 114M, peak: 114M
current process commit charge ("private bytes"): 379M, peak: 380M

vm_info: Java HotSpot(TM) 64-Bit Server VM (21.0.2+13-LTS-58) for windows-amd64 JRE (21.0.2+13-LTS-58), built on 2024-01-05T18:32:24Z by "mach5one" with MS VC++ 17.1 (VS2022)

END.
