#
# There is insufficient memory for the Java Runtime Environment to continue.
# Native memory allocation (mmap) failed to map 264241152 bytes for G1 virtual space
# Possible reasons:
#   The system is out of physical RAM or swap space
#   The process is running with CompressedOops enabled, and the Java Heap may be blocking the growth of the native heap
# Possible solutions:
#   Reduce memory load on the system
#   Increase physical memory or swap space
#   Check if swap backing store is full
#   Decrease Java heap size (-Xmx/-Xms)
#   Decrease number of Java threads
#   Decrease Java thread stack sizes (-Xss)
#   Set larger code cache with -XX:ReservedCodeCacheSize=
#   JVM is running with Zero Based Compressed Oops mode in which the Java heap is
#     placed in the first 32GB address space. The Java Heap base address is the
#     maximum limit for the native heap growth. Please use -XX:HeapBaseMinAddress
#     to set the Java Heap base and to place the Java Heap above 32GB virtual address.
# This output file may be truncated or incomplete.
#
#  Out of Memory Error (os_windows.cpp:3600), pid=18652, tid=19556
#
# JRE version:  (21.0.2+13) (build )
# Java VM: Java HotSpot(TM) 64-Bit Server VM (21.0.2+13-LTS-58, mixed mode, sharing, tiered, compressed oops, compressed class ptrs, g1 gc, windows-amd64)
# No core dump will be written. Minidumps are not enabled by default on client versions of Windows
#

---------------  S U M M A R Y ------------

Command Line: C:\Users\shank\AppData\Local\Temp\surefire12513803636101100631\surefirebooter-20240509133327337_3.jar C:\Users\shank\AppData\Local\Temp\surefire12513803636101100631 2024-05-09T13-33-27_196-jvmRun1 surefire-20240509133327337_1tmp surefire_0-20240509133327337_2tmp

Host: 13th Gen Intel(R) Core(TM) i5-1335U, 12 cores, 15G,  Windows 11 , 64 bit Build 22621 (10.0.22621.3374)
Time: Thu May  9 13:33:27 2024 India Standard Time elapsed time: 0.009490 seconds (0d 0h 0m 0s)

---------------  T H R E A D  ---------------

Current thread (0x000001caf4eaf400):  JavaThread "Unknown thread" [_thread_in_vm, id=19556, stack(0x000000a3d2800000,0x000000a3d2900000) (1024K)]

Stack: [0x000000a3d2800000,0x000000a3d2900000]
Native frames: (J=compiled Java code, j=interpreted, Vv=VM code, C=native code)
V  [jvm.dll+0x6cade9]
V  [jvm.dll+0x8569c1]
V  [jvm.dll+0x858d2e]
V  [jvm.dll+0x859413]
V  [jvm.dll+0x280e56]
V  [jvm.dll+0x6c74d5]
V  [jvm.dll+0x6bbeca]
V  [jvm.dll+0x355bca]
V  [jvm.dll+0x35d816]
V  [jvm.dll+0x3ae67e]
V  [jvm.dll+0x3ae928]
V  [jvm.dll+0x3295dc]
V  [jvm.dll+0x32a16b]
V  [jvm.dll+0x81efa9]
V  [jvm.dll+0x3bba01]
V  [jvm.dll+0x807928]
V  [jvm.dll+0x44f50e]
V  [jvm.dll+0x450e11]
C  [jli.dll+0x52a3]
C  [ucrtbase.dll+0x29333]
C  [KERNEL32.DLL+0x1257d]
C  [ntdll.dll+0x5aa48]


---------------  P R O C E S S  ---------------

Threads class SMR info:
_java_thread_list=0x00007fff1acbbb88, length=0, elements={
}

Java Threads: ( => current thread )
Total: 0

Other Threads:
  0x000001caf71f2250 WorkerThread "GC Thread#0"                     [id=19524, stack(0x000000a3d2900000,0x000000a3d2a00000) (1024K)]
  0x000001caf7203f70 ConcurrentGCThread "G1 Main Marker"            [id=11620, stack(0x000000a3d2a00000,0x000000a3d2b00000) (1024K)]
  0x000001caf7204a70 WorkerThread "G1 Conc#0"                       [id=1340, stack(0x000000a3d2b00000,0x000000a3d2c00000) (1024K)]

[error occurred during error reporting (printing all threads), id 0xc0000005, EXCEPTION_ACCESS_VIOLATION (0xc0000005) at pc=0x00007fff1a42c6a7]
VM state: not at safepoint (not fully initialized)

VM Mutex/Monitor currently owned by a thread:  ([mutex/lock_event])
[0x00007fff1ad2ce68] Heap_lock - owner thread: 0x000001caf4eaf400

Heap address: 0x0000000704800000, size: 4024 MB, Compressed Oops mode: Zero based, Oop shift amount: 3

CDS archive(s) mapped at: [0x0000000000000000-0x0000000000000000-0x0000000000000000), size 0, SharedBaseAddress: 0x0000000800000000, ArchiveRelocationMode: 1.
Narrow klass base: 0x0000000000000000, Narrow klass shift: 0, Narrow klass range: 0x0

GC Precious Log:
 CardTable entry size: 512
 Card Set container configuration: InlinePtr #cards 4 size 8 Array Of Cards #cards 16 size 48 Howl #buckets 8 coarsen threshold 3686 Howl Bitmap #cards 512 size 80 coarsen threshold 460 Card regions per heap region 1 cards per card region 4096

Heap:
 garbage-first heap   total 0K, used 0K [0x0000000704800000, 0x0000000800000000)
  region size 2048K, 0 young (0K), 0 survivors (0K)

[error occurred during error reporting (printing heap information), id 0xc0000005, EXCEPTION_ACCESS_VIOLATION (0xc0000005) at pc=0x00007fff1a8139f9]
GC Heap History (0 events):
No events

Dll operation events (1 events):
Event: 0.007 Loaded shared library C:\Program Files\Java\jdk-21\bin\java.dll

Deoptimization events (0 events):
No events

Classes loaded (0 events):
No events

Classes unloaded (0 events):
No events

Classes redefined (0 events):
No events

Internal exceptions (0 events):
No events

ZGC Phase Switch (0 events):
No events

VM Operations (0 events):
No events

Events (0 events):
No events


Dynamic libraries:
0x00007ff765de0000 - 0x00007ff765df0000 	C:\Program Files\Java\jdk-21\bin\java.exe
0x00007fffdcb90000 - 0x00007fffdcda6000 	C:\windows\SYSTEM32\ntdll.dll
0x00007fffdc5d0000 - 0x00007fffdc694000 	C:\windows\System32\KERNEL32.DLL
0x00007fffda0c0000 - 0x00007fffda467000 	C:\windows\System32\KERNELBASE.dll
0x00007fffda4f0000 - 0x00007fffda601000 	C:\windows\System32\ucrtbase.dll
0x00007fffca610000 - 0x00007fffca629000 	C:\Program Files\Java\jdk-21\bin\jli.dll
0x00007fffdc720000 - 0x00007fffdc7d2000 	C:\windows\System32\ADVAPI32.dll
0x00007fffdba90000 - 0x00007fffdbb37000 	C:\windows\System32\msvcrt.dll
0x00007fffda9c0000 - 0x00007fffdaa68000 	C:\windows\System32\sechost.dll
0x00007fffda090000 - 0x00007fffda0b8000 	C:\windows\System32\bcrypt.dll
0x00007fffdb910000 - 0x00007fffdba25000 	C:\windows\System32\RPCRT4.dll
0x00007fffdc1a0000 - 0x00007fffdc34e000 	C:\windows\System32\USER32.dll
0x00007fffda610000 - 0x00007fffda636000 	C:\windows\System32\win32u.dll
0x00007fffdc0c0000 - 0x00007fffdc0e9000 	C:\windows\System32\GDI32.dll
0x00007fffd9f70000 - 0x00007fffda089000 	C:\windows\System32\gdi32full.dll
0x00007fffda820000 - 0x00007fffda8ba000 	C:\windows\System32\msvcp_win.dll
0x00007fffd6bf0000 - 0x00007fffd6c0b000 	C:\Program Files\Java\jdk-21\bin\VCRUNTIME140.dll
0x00007fffbc750000 - 0x00007fffbc9e3000 	C:\windows\WinSxS\amd64_microsoft.windows.common-controls_6595b64144ccf1df_6.0.22621.3235_none_270f74e173860f98\COMCTL32.dll
0x00007fffcb3c0000 - 0x00007fffcb3ca000 	C:\windows\SYSTEM32\VERSION.dll
0x00007fffdc6d0000 - 0x00007fffdc701000 	C:\windows\System32\IMM32.DLL
0x00007fffd0b20000 - 0x00007fffd0b2c000 	C:\Program Files\Java\jdk-21\bin\vcruntime140_1.dll
0x00007fffb8ff0000 - 0x00007fffb907e000 	C:\Program Files\Java\jdk-21\bin\msvcp140.dll
0x00007fff1a0f0000 - 0x00007fff1ae07000 	C:\Program Files\Java\jdk-21\bin\server\jvm.dll
0x00007fffdb800000 - 0x00007fffdb871000 	C:\windows\System32\WS2_32.dll
0x00007fffd9bd0000 - 0x00007fffd9c1d000 	C:\windows\SYSTEM32\POWRPROF.dll
0x00007fffd0ae0000 - 0x00007fffd0b14000 	C:\windows\SYSTEM32\WINMM.dll
0x00007fffd9bb0000 - 0x00007fffd9bc3000 	C:\windows\SYSTEM32\UMPDC.dll
0x00007fffd8eb0000 - 0x00007fffd8ec8000 	C:\windows\SYSTEM32\kernel.appcore.dll
0x00007fffc8940000 - 0x00007fffc894a000 	C:\Program Files\Java\jdk-21\bin\jimage.dll
0x00007fffd7710000 - 0x00007fffd7943000 	C:\windows\SYSTEM32\DBGHELP.DLL
0x00007fffdbb50000 - 0x00007fffdbed8000 	C:\windows\System32\combase.dll
0x00007fffdbee0000 - 0x00007fffdbfb7000 	C:\windows\System32\OLEAUT32.dll
0x00007fffabcd0000 - 0x00007fffabd02000 	C:\windows\SYSTEM32\dbgcore.DLL
0x00007fffda470000 - 0x00007fffda4e9000 	C:\windows\System32\bcryptPrimitives.dll
0x00007fffbab20000 - 0x00007fffbab3f000 	C:\Program Files\Java\jdk-21\bin\java.dll

dbghelp: loaded successfully - version: 4.0.5 - missing functions: none
symbol engine: initialized successfully - sym options: 0x614 - pdb path: .;C:\Program Files\Java\jdk-21\bin;C:\windows\SYSTEM32;C:\windows\WinSxS\amd64_microsoft.windows.common-controls_6595b64144ccf1df_6.0.22621.3235_none_270f74e173860f98;C:\Program Files\Java\jdk-21\bin\server

VM Arguments:
java_command: C:\Users\shank\AppData\Local\Temp\surefire12513803636101100631\surefirebooter-20240509133327337_3.jar C:\Users\shank\AppData\Local\Temp\surefire12513803636101100631 2024-05-09T13-33-27_196-jvmRun1 surefire-20240509133327337_1tmp surefire_0-20240509133327337_2tmp
java_class_path (initial): C:\Users\shank\AppData\Local\Temp\surefire12513803636101100631\surefirebooter-20240509133327337_3.jar
Launcher Type: SUN_STANDARD

[Global flags]
     intx CICompilerCount                          = 4                                         {product} {ergonomic}
     uint ConcGCThreads                            = 3                                         {product} {ergonomic}
     uint G1ConcRefinementThreads                  = 10                                        {product} {ergonomic}
   size_t G1HeapRegionSize                         = 2097152                                   {product} {ergonomic}
    uintx GCDrainStackTargetSize                   = 64                                        {product} {ergonomic}
   size_t InitialHeapSize                          = 264241152                                 {product} {ergonomic}
   size_t MarkStackSize                            = 4194304                                   {product} {ergonomic}
   size_t MaxHeapSize                              = 4219469824                                {product} {ergonomic}
   size_t MinHeapDeltaBytes                        = 2097152                                   {product} {ergonomic}
   size_t MinHeapSize                              = 8388608                                   {product} {ergonomic}
    uintx NonNMethodCodeHeapSize                   = 5839372                                {pd product} {ergonomic}
    uintx NonProfiledCodeHeapSize                  = 122909434                              {pd product} {ergonomic}
    uintx ProfiledCodeHeapSize                     = 122909434                              {pd product} {ergonomic}
    uintx ReservedCodeCacheSize                    = 251658240                              {pd product} {ergonomic}
     bool SegmentedCodeCache                       = true                                      {product} {ergonomic}
   size_t SoftMaxHeapSize                          = 4219469824                             {manageable} {ergonomic}
     bool UseCompressedOops                        = true                           {product lp64_product} {ergonomic}
     bool UseG1GC                                  = true                                      {product} {ergonomic}
     bool UseLargePagesIndividualAllocation        = false                                  {pd product} {ergonomic}

Logging:
Log output configuration:
 #0: stdout all=warning uptime,level,tags foldmultilines=false
 #1: stderr all=off uptime,level,tags foldmultilines=false

Environment Variables:
JAVA_HOME=C:\Program Files\Java\jdk-21
PATH=C:\Users\shank\.jenkins\tools\hudson.tasks.Maven_MavenInstallation\MAVEN_HOME/bin;C:\Program Files\Java\jdk-21/bin;C:\Program Files\Java\jdk-21/bin;C:\Program Files\Common Files\Oracle\Java\javapath;C:\windows\system32;C:\windows;C:\windows\System32\Wbem;C:\windows\System32\WindowsPowerShell\v1.0\;C:\windows\System32\OpenSSH\;C:\Program Files\MySQL\MySQL Server 8.0\bin;C:\Program Files\MySQL\MySQL Server 8.0\bin;C:\Program Files\HP\HP One Agent;C:\SOFTWARE TESTING\apache-maven-3.9.6-bin\apache-maven-3.9.6\bin;C:\Program Files\Java\jdk-21;C:\SOFTWARE TESTING\apache-maven-3.9.6-bin\apache-maven-3.9.6\bin;C:\Program Files\Git\cmd;C:\Program Files\nodejs\;%ANDROID_HOME%\platform-tools;%ANDROID_HOME%\tools;%ANDROID_HOME%\tools\bin;C:\Program Files\MySQL\MySQL Shell 8.0\bin\;C:\Users\shank\AppData\Local\Microsoft\WindowsApps;C:\Users\shank\AppData\Local\Programs\Microsoft VS Code\bin;C:\Program Files\MySQL\MySQL Server 8.0\bin;C:\Users\shank\AppData\Roaming\npm
USERNAME=shank
OS=Windows_NT
PROCESSOR_IDENTIFIER=Intel64 Family 6 Model 186 Stepping 3, GenuineIntel
TMP=C:\Users\shank\AppData\Local\Temp
TEMP=C:\Users\shank\AppData\Local\Temp




Periodic native trim disabled

---------------  S Y S T E M  ---------------

OS:
 Windows 11 , 64 bit Build 22621 (10.0.22621.3374)
OS uptime: 0 days 0:41 hours
Hyper-V role detected

CPU: total 12 (initial active 12) (6 cores per cpu, 2 threads per core) family 6 model 186 stepping 3 microcode 0x410e, cx8, cmov, fxsr, ht, mmx, 3dnowpref, sse, sse2, sse3, ssse3, sse4.1, sse4.2, popcnt, lzcnt, tsc, tscinvbit, avx, avx2, aes, erms, clmul, bmi1, bmi2, adx, sha, fma, vzeroupper, clflush, clflushopt, clwb, hv, serialize, rdtscp, rdpid, fsrm, f16c, cet_ibt, cet_ss
Processor Information for processor 0
  Max Mhz: 1300, Current Mhz: 1300, Mhz Limit: 1300
Processor Information for processor 1
  Max Mhz: 1300, Current Mhz: 1300, Mhz Limit: 1300
Processor Information for processor 2
  Max Mhz: 1300, Current Mhz: 1300, Mhz Limit: 1300
Processor Information for processor 3
  Max Mhz: 1300, Current Mhz: 1300, Mhz Limit: 1300
Processor Information for processor 4
  Max Mhz: 1300, Current Mhz: 900, Mhz Limit: 897
Processor Information for processor 5
  Max Mhz: 1300, Current Mhz: 900, Mhz Limit: 897
Processor Information for processor 6
  Max Mhz: 1300, Current Mhz: 900, Mhz Limit: 897
Processor Information for processor 7
  Max Mhz: 1300, Current Mhz: 900, Mhz Limit: 897
Processor Information for processor 8
  Max Mhz: 1300, Current Mhz: 900, Mhz Limit: 897
Processor Information for processor 9
  Max Mhz: 1300, Current Mhz: 900, Mhz Limit: 897
Processor Information for processor 10
  Max Mhz: 1300, Current Mhz: 900, Mhz Limit: 897
Processor Information for processor 11
  Max Mhz: 1300, Current Mhz: 900, Mhz Limit: 897

Memory: 4k page, system-wide physical 16095M (2346M free)
TotalPageFile size 16095M (AvailPageFile size 252M)
current process WorkingSet (physical memory assigned to process): 11M, peak: 11M
current process commit charge ("private bytes"): 64M, peak: 316M

vm_info: Java HotSpot(TM) 64-Bit Server VM (21.0.2+13-LTS-58) for windows-amd64 JRE (21.0.2+13-LTS-58), built on 2024-01-05T18:32:24Z by "mach5one" with MS VC++ 17.1 (VS2022)

END.
